2020-03-06 09:35:39,117 INFO [restartedMain] c.z.f.FriendsApplication [StartupInfoLogger.java:55] Starting FriendsApplication on QH-20161204IWOD with PID 6784 (D:\ideaprojects\friends\target\classes started by Administrator in D:\ideaprojects\friends)
2020-03-06 09:35:39,140 INFO [restartedMain] c.z.f.FriendsApplication [SpringApplication.java:651] No active profile set, falling back to default profiles: default
2020-03-06 09:35:39,410 INFO [restartedMain] o.s.b.d.e.DevToolsPropertyDefaultsPostProcessor [DeferredLog.java:225] Devtools property defaults active! Set 'spring.devtools.add-properties' to 'false' to disable
2020-03-06 09:35:39,411 INFO [restartedMain] o.s.b.d.e.DevToolsPropertyDefaultsPostProcessor [DeferredLog.java:225] For additional web related logging consider setting the 'logging.level.web' property to 'DEBUG'
2020-03-06 09:35:45,228 INFO [restartedMain] o.s.b.w.e.t.TomcatWebServer [TomcatWebServer.java:92] Tomcat initialized with port(s): 9999 (http)
2020-03-06 09:35:45,364 INFO [restartedMain] o.a.c.h.Http11NioProtocol [DirectJDKLog.java:173] Initializing ProtocolHandler ["http-nio-9999"]
2020-03-06 09:35:45,365 INFO [restartedMain] o.a.c.c.StandardService [DirectJDKLog.java:173] Starting service [Tomcat]
2020-03-06 09:35:45,366 INFO [restartedMain] o.a.c.c.StandardEngine [DirectJDKLog.java:173] Starting Servlet engine: [Apache Tomcat/9.0.29]
2020-03-06 09:35:45,707 INFO [restartedMain] o.a.c.c.C.[.[.[/friends] [DirectJDKLog.java:173] Initializing Spring embedded WebApplicationContext
2020-03-06 09:35:45,708 INFO [restartedMain] o.s.w.c.ContextLoader [ServletWebServerApplicationContext.java:284] Root WebApplicationContext: initialization completed in 6297 ms
2020-03-06 09:35:48,668 INFO [restartedMain] o.s.s.c.ThreadPoolTaskExecutor [ExecutorConfigurationSupport.java:171] Initializing ExecutorService 'applicationTaskExecutor'
2020-03-06 09:35:49,682 INFO [restartedMain] o.s.b.d.a.OptionalLiveReloadServer [OptionalLiveReloadServer.java:58] LiveReload server is running on port 35729
2020-03-06 09:35:49,739 INFO [restartedMain] o.a.c.h.Http11NioProtocol [DirectJDKLog.java:173] Starting ProtocolHandler ["http-nio-9999"]
2020-03-06 09:35:49,893 INFO [restartedMain] o.s.b.w.e.t.TomcatWebServer [TomcatWebServer.java:204] Tomcat started on port(s): 9999 (http) with context path '/friends'
2020-03-06 09:35:49,933 INFO [restartedMain] c.z.f.FriendsApplication [StartupInfoLogger.java:61] Started FriendsApplication in 14.271 seconds (JVM running for 21.948)
2020-03-06 09:40:49,251 INFO [http-nio-9999-exec-3] o.a.c.c.C.[.[.[/friends] [DirectJDKLog.java:173] Initializing Spring DispatcherServlet 'dispatcherServlet'
2020-03-06 09:40:49,252 INFO [http-nio-9999-exec-3] o.s.w.s.DispatcherServlet [FrameworkServlet.java:525] Initializing Servlet 'dispatcherServlet'
2020-03-06 09:40:49,293 INFO [http-nio-9999-exec-3] o.s.w.s.DispatcherServlet [FrameworkServlet.java:547] Completed initialization in 41 ms
2020-03-06 09:40:49,544 INFO [http-nio-9999-exec-3] c.z.h.HikariDataSource [HikariDataSource.java:110] HikariPool-1 - Starting...
2020-03-06 09:40:50,207 INFO [http-nio-9999-exec-3] c.z.h.HikariDataSource [HikariDataSource.java:123] HikariPool-1 - Start completed.
2020-03-06 09:45:27,865 INFO [Thread-5] o.s.s.c.ThreadPoolTaskExecutor [ExecutorConfigurationSupport.java:208] Shutting down ExecutorService 'applicationTaskExecutor'
2020-03-06 09:45:27,867 INFO [Thread-5] c.z.h.HikariDataSource [HikariDataSource.java:350] HikariPool-1 - Shutdown initiated...
2020-03-06 09:45:27,872 INFO [Thread-5] c.z.h.HikariDataSource [HikariDataSource.java:352] HikariPool-1 - Shutdown completed.
