2020-05-22 19:08:35,340 ERROR [http-nio-9999-exec-6] c.z.f.c.a.ExceptionAdvice [ExceptionAdvice.java:29] 服务器出现异常 : Authentication failed; nested exception is javax.mail.AuthenticationFailedException: 550 User has no permission

2020-05-22 19:08:35,343 ERROR [http-nio-9999-exec-6] c.z.f.c.a.ExceptionAdvice [ExceptionAdvice.java:33] org.springframework.mail.javamail.JavaMailSenderImpl.doSend(JavaMailSenderImpl.java:440)
2020-05-22 19:08:35,344 ERROR [http-nio-9999-exec-6] c.z.f.c.a.ExceptionAdvice [ExceptionAdvice.java:33] org.springframework.mail.javamail.JavaMailSenderImpl.send(JavaMailSenderImpl.java:361)
2020-05-22 19:08:35,344 ERROR [http-nio-9999-exec-6] c.z.f.c.a.ExceptionAdvice [ExceptionAdvice.java:33] org.springframework.mail.javamail.JavaMailSenderImpl.send(JavaMailSenderImpl.java:356)
2020-05-22 19:08:35,344 ERROR [http-nio-9999-exec-6] c.z.f.c.a.ExceptionAdvice [ExceptionAdvice.java:33] com.zhuan.friends.utils.MailClient.sendMail(MailClient.java:37)
2020-05-22 19:08:35,344 ERROR [http-nio-9999-exec-6] c.z.f.c.a.ExceptionAdvice [ExceptionAdvice.java:33] com.zhuan.friends.service.UserService.register(UserService.java:184)
2020-05-22 19:08:35,344 ERROR [http-nio-9999-exec-6] c.z.f.c.a.ExceptionAdvice [ExceptionAdvice.java:33] com.zhuan.friends.service.UserService$$FastClassBySpringCGLIB$$394e5211.invoke(<generated>)
2020-05-22 19:08:35,345 ERROR [http-nio-9999-exec-6] c.z.f.c.a.ExceptionAdvice [ExceptionAdvice.java:33] org.springframework.cglib.proxy.MethodProxy.invoke(MethodProxy.java:218)
2020-05-22 19:08:35,345 ERROR [http-nio-9999-exec-6] c.z.f.c.a.ExceptionAdvice [ExceptionAdvice.java:33] org.springframework.aop.framework.CglibAopProxy$CglibMethodInvocation.invokeJoinpoint(CglibAopProxy.java:769)
2020-05-22 19:08:35,345 ERROR [http-nio-9999-exec-6] c.z.f.c.a.ExceptionAdvice [ExceptionAdvice.java:33] org.springframework.aop.framework.ReflectiveMethodInvocation.proceed(ReflectiveMethodInvocation.java:163)
2020-05-22 19:08:35,345 ERROR [http-nio-9999-exec-6] c.z.f.c.a.ExceptionAdvice [ExceptionAdvice.java:33] org.springframework.aop.framework.CglibAopProxy$CglibMethodInvocation.proceed(CglibAopProxy.java:747)
2020-05-22 19:08:35,345 ERROR [http-nio-9999-exec-6] c.z.f.c.a.ExceptionAdvice [ExceptionAdvice.java:33] org.springframework.aop.framework.adapter.MethodBeforeAdviceInterceptor.invoke(MethodBeforeAdviceInterceptor.java:56)
2020-05-22 19:08:35,345 ERROR [http-nio-9999-exec-6] c.z.f.c.a.ExceptionAdvice [ExceptionAdvice.java:33] org.springframework.aop.framework.ReflectiveMethodInvocation.proceed(ReflectiveMethodInvocation.java:186)
2020-05-22 19:08:35,345 ERROR [http-nio-9999-exec-6] c.z.f.c.a.ExceptionAdvice [ExceptionAdvice.java:33] org.springframework.aop.framework.CglibAopProxy$CglibMethodInvocation.proceed(CglibAopProxy.java:747)
2020-05-22 19:08:35,345 ERROR [http-nio-9999-exec-6] c.z.f.c.a.ExceptionAdvice [ExceptionAdvice.java:33] org.springframework.aop.interceptor.ExposeInvocationInterceptor.invoke(ExposeInvocationInterceptor.java:93)
2020-05-22 19:08:35,346 ERROR [http-nio-9999-exec-6] c.z.f.c.a.ExceptionAdvice [ExceptionAdvice.java:33] org.springframework.aop.framework.ReflectiveMethodInvocation.proceed(ReflectiveMethodInvocation.java:186)
2020-05-22 19:08:35,346 ERROR [http-nio-9999-exec-6] c.z.f.c.a.ExceptionAdvice [ExceptionAdvice.java:33] org.springframework.aop.framework.CglibAopProxy$CglibMethodInvocation.proceed(CglibAopProxy.java:747)
2020-05-22 19:08:35,346 ERROR [http-nio-9999-exec-6] c.z.f.c.a.ExceptionAdvice [ExceptionAdvice.java:33] org.springframework.aop.framework.CglibAopProxy$DynamicAdvisedInterceptor.intercept(CglibAopProxy.java:689)
2020-05-22 19:08:35,346 ERROR [http-nio-9999-exec-6] c.z.f.c.a.ExceptionAdvice [ExceptionAdvice.java:33] com.zhuan.friends.service.UserService$$EnhancerBySpringCGLIB$$f3a1ba91.register(<generated>)
2020-05-22 19:08:35,346 ERROR [http-nio-9999-exec-6] c.z.f.c.a.ExceptionAdvice [ExceptionAdvice.java:33] com.zhuan.friends.controller.LoginController.register(LoginController.java:46)
2020-05-22 19:08:35,346 ERROR [http-nio-9999-exec-6] c.z.f.c.a.ExceptionAdvice [ExceptionAdvice.java:33] sun.reflect.NativeMethodAccessorImpl.invoke0(Native Method)
2020-05-22 19:08:35,348 ERROR [http-nio-9999-exec-6] c.z.f.c.a.ExceptionAdvice [ExceptionAdvice.java:33] sun.reflect.NativeMethodAccessorImpl.invoke(NativeMethodAccessorImpl.java:62)
2020-05-22 19:08:35,348 ERROR [http-nio-9999-exec-6] c.z.f.c.a.ExceptionAdvice [ExceptionAdvice.java:33] sun.reflect.DelegatingMethodAccessorImpl.invoke(DelegatingMethodAccessorImpl.java:43)
2020-05-22 19:08:35,348 ERROR [http-nio-9999-exec-6] c.z.f.c.a.ExceptionAdvice [ExceptionAdvice.java:33] java.lang.reflect.Method.invoke(Method.java:498)
2020-05-22 19:08:35,348 ERROR [http-nio-9999-exec-6] c.z.f.c.a.ExceptionAdvice [ExceptionAdvice.java:33] org.springframework.web.method.support.InvocableHandlerMethod.doInvoke(InvocableHandlerMethod.java:190)
2020-05-22 19:08:35,348 ERROR [http-nio-9999-exec-6] c.z.f.c.a.ExceptionAdvice [ExceptionAdvice.java:33] org.springframework.web.method.support.InvocableHandlerMethod.invokeForRequest(InvocableHandlerMethod.java:138)
2020-05-22 19:08:35,348 ERROR [http-nio-9999-exec-6] c.z.f.c.a.ExceptionAdvice [ExceptionAdvice.java:33] org.springframework.web.servlet.mvc.method.annotation.ServletInvocableHandlerMethod.invokeAndHandle(ServletInvocableHandlerMethod.java:106)
2020-05-22 19:08:35,348 ERROR [http-nio-9999-exec-6] c.z.f.c.a.ExceptionAdvice [ExceptionAdvice.java:33] org.springframework.web.servlet.mvc.method.annotation.RequestMappingHandlerAdapter.invokeHandlerMethod(RequestMappingHandlerAdapter.java:888)
2020-05-22 19:08:35,348 ERROR [http-nio-9999-exec-6] c.z.f.c.a.ExceptionAdvice [ExceptionAdvice.java:33] org.springframework.web.servlet.mvc.method.annotation.RequestMappingHandlerAdapter.handleInternal(RequestMappingHandlerAdapter.java:793)
2020-05-22 19:08:35,349 ERROR [http-nio-9999-exec-6] c.z.f.c.a.ExceptionAdvice [ExceptionAdvice.java:33] org.springframework.web.servlet.mvc.method.AbstractHandlerMethodAdapter.handle(AbstractHandlerMethodAdapter.java:87)
2020-05-22 19:08:35,349 ERROR [http-nio-9999-exec-6] c.z.f.c.a.ExceptionAdvice [ExceptionAdvice.java:33] org.springframework.web.servlet.DispatcherServlet.doDispatch(DispatcherServlet.java:1040)
2020-05-22 19:08:35,349 ERROR [http-nio-9999-exec-6] c.z.f.c.a.ExceptionAdvice [ExceptionAdvice.java:33] org.springframework.web.servlet.DispatcherServlet.doService(DispatcherServlet.java:943)
2020-05-22 19:08:35,349 ERROR [http-nio-9999-exec-6] c.z.f.c.a.ExceptionAdvice [ExceptionAdvice.java:33] org.springframework.web.servlet.FrameworkServlet.processRequest(FrameworkServlet.java:1006)
2020-05-22 19:08:35,349 ERROR [http-nio-9999-exec-6] c.z.f.c.a.ExceptionAdvice [ExceptionAdvice.java:33] org.springframework.web.servlet.FrameworkServlet.doPost(FrameworkServlet.java:909)
2020-05-22 19:08:35,350 ERROR [http-nio-9999-exec-6] c.z.f.c.a.ExceptionAdvice [ExceptionAdvice.java:33] javax.servlet.http.HttpServlet.service(HttpServlet.java:660)
2020-05-22 19:08:35,350 ERROR [http-nio-9999-exec-6] c.z.f.c.a.ExceptionAdvice [ExceptionAdvice.java:33] org.springframework.web.servlet.FrameworkServlet.service(FrameworkServlet.java:883)
2020-05-22 19:08:35,350 ERROR [http-nio-9999-exec-6] c.z.f.c.a.ExceptionAdvice [ExceptionAdvice.java:33] javax.servlet.http.HttpServlet.service(HttpServlet.java:741)
2020-05-22 19:08:35,350 ERROR [http-nio-9999-exec-6] c.z.f.c.a.ExceptionAdvice [ExceptionAdvice.java:33] org.apache.catalina.core.ApplicationFilterChain.internalDoFilter(ApplicationFilterChain.java:231)
2020-05-22 19:08:35,350 ERROR [http-nio-9999-exec-6] c.z.f.c.a.ExceptionAdvice [ExceptionAdvice.java:33] org.apache.catalina.core.ApplicationFilterChain.doFilter(ApplicationFilterChain.java:166)
2020-05-22 19:08:35,350 ERROR [http-nio-9999-exec-6] c.z.f.c.a.ExceptionAdvice [ExceptionAdvice.java:33] org.apache.tomcat.websocket.server.WsFilter.doFilter(WsFilter.java:53)
2020-05-22 19:08:35,350 ERROR [http-nio-9999-exec-6] c.z.f.c.a.ExceptionAdvice [ExceptionAdvice.java:33] org.apache.catalina.core.ApplicationFilterChain.internalDoFilter(ApplicationFilterChain.java:193)
2020-05-22 19:08:35,350 ERROR [http-nio-9999-exec-6] c.z.f.c.a.ExceptionAdvice [ExceptionAdvice.java:33] org.apache.catalina.core.ApplicationFilterChain.doFilter(ApplicationFilterChain.java:166)
2020-05-22 19:08:35,350 ERROR [http-nio-9999-exec-6] c.z.f.c.a.ExceptionAdvice [ExceptionAdvice.java:33] org.springframework.web.filter.RequestContextFilter.doFilterInternal(RequestContextFilter.java:100)
2020-05-22 19:08:35,351 ERROR [http-nio-9999-exec-6] c.z.f.c.a.ExceptionAdvice [ExceptionAdvice.java:33] org.springframework.web.filter.OncePerRequestFilter.doFilter(OncePerRequestFilter.java:119)
2020-05-22 19:08:35,351 ERROR [http-nio-9999-exec-6] c.z.f.c.a.ExceptionAdvice [ExceptionAdvice.java:33] org.apache.catalina.core.ApplicationFilterChain.internalDoFilter(ApplicationFilterChain.java:193)
2020-05-22 19:08:35,351 ERROR [http-nio-9999-exec-6] c.z.f.c.a.ExceptionAdvice [ExceptionAdvice.java:33] org.apache.catalina.core.ApplicationFilterChain.doFilter(ApplicationFilterChain.java:166)
2020-05-22 19:08:35,351 ERROR [http-nio-9999-exec-6] c.z.f.c.a.ExceptionAdvice [ExceptionAdvice.java:33] org.springframework.web.filter.FormContentFilter.doFilterInternal(FormContentFilter.java:93)
2020-05-22 19:08:35,351 ERROR [http-nio-9999-exec-6] c.z.f.c.a.ExceptionAdvice [ExceptionAdvice.java:33] org.springframework.web.filter.OncePerRequestFilter.doFilter(OncePerRequestFilter.java:119)
2020-05-22 19:08:35,351 ERROR [http-nio-9999-exec-6] c.z.f.c.a.ExceptionAdvice [ExceptionAdvice.java:33] org.apache.catalina.core.ApplicationFilterChain.internalDoFilter(ApplicationFilterChain.java:193)
2020-05-22 19:08:35,351 ERROR [http-nio-9999-exec-6] c.z.f.c.a.ExceptionAdvice [ExceptionAdvice.java:33] org.apache.catalina.core.ApplicationFilterChain.doFilter(ApplicationFilterChain.java:166)
2020-05-22 19:08:35,351 ERROR [http-nio-9999-exec-6] c.z.f.c.a.ExceptionAdvice [ExceptionAdvice.java:33] org.springframework.web.filter.CharacterEncodingFilter.doFilterInternal(CharacterEncodingFilter.java:201)
2020-05-22 19:08:35,351 ERROR [http-nio-9999-exec-6] c.z.f.c.a.ExceptionAdvice [ExceptionAdvice.java:33] org.springframework.web.filter.OncePerRequestFilter.doFilter(OncePerRequestFilter.java:119)
2020-05-22 19:08:35,351 ERROR [http-nio-9999-exec-6] c.z.f.c.a.ExceptionAdvice [ExceptionAdvice.java:33] org.apache.catalina.core.ApplicationFilterChain.internalDoFilter(ApplicationFilterChain.java:193)
2020-05-22 19:08:35,352 ERROR [http-nio-9999-exec-6] c.z.f.c.a.ExceptionAdvice [ExceptionAdvice.java:33] org.apache.catalina.core.ApplicationFilterChain.doFilter(ApplicationFilterChain.java:166)
2020-05-22 19:08:35,352 ERROR [http-nio-9999-exec-6] c.z.f.c.a.ExceptionAdvice [ExceptionAdvice.java:33] org.apache.catalina.core.StandardWrapperValve.invoke(StandardWrapperValve.java:202)
2020-05-22 19:08:35,352 ERROR [http-nio-9999-exec-6] c.z.f.c.a.ExceptionAdvice [ExceptionAdvice.java:33] org.apache.catalina.core.StandardContextValve.invoke(StandardContextValve.java:96)
2020-05-22 19:08:35,352 ERROR [http-nio-9999-exec-6] c.z.f.c.a.ExceptionAdvice [ExceptionAdvice.java:33] org.apache.catalina.authenticator.AuthenticatorBase.invoke(AuthenticatorBase.java:526)
2020-05-22 19:08:35,352 ERROR [http-nio-9999-exec-6] c.z.f.c.a.ExceptionAdvice [ExceptionAdvice.java:33] org.apache.catalina.core.StandardHostValve.invoke(StandardHostValve.java:139)
2020-05-22 19:08:35,352 ERROR [http-nio-9999-exec-6] c.z.f.c.a.ExceptionAdvice [ExceptionAdvice.java:33] org.apache.catalina.valves.ErrorReportValve.invoke(ErrorReportValve.java:92)
2020-05-22 19:08:35,352 ERROR [http-nio-9999-exec-6] c.z.f.c.a.ExceptionAdvice [ExceptionAdvice.java:33] org.apache.catalina.core.StandardEngineValve.invoke(StandardEngineValve.java:74)
2020-05-22 19:08:35,352 ERROR [http-nio-9999-exec-6] c.z.f.c.a.ExceptionAdvice [ExceptionAdvice.java:33] org.apache.catalina.connector.CoyoteAdapter.service(CoyoteAdapter.java:343)
2020-05-22 19:08:35,352 ERROR [http-nio-9999-exec-6] c.z.f.c.a.ExceptionAdvice [ExceptionAdvice.java:33] org.apache.coyote.http11.Http11Processor.service(Http11Processor.java:367)
2020-05-22 19:08:35,353 ERROR [http-nio-9999-exec-6] c.z.f.c.a.ExceptionAdvice [ExceptionAdvice.java:33] org.apache.coyote.AbstractProcessorLight.process(AbstractProcessorLight.java:65)
2020-05-22 19:08:35,353 ERROR [http-nio-9999-exec-6] c.z.f.c.a.ExceptionAdvice [ExceptionAdvice.java:33] org.apache.coyote.AbstractProtocol$ConnectionHandler.process(AbstractProtocol.java:860)
2020-05-22 19:08:35,353 ERROR [http-nio-9999-exec-6] c.z.f.c.a.ExceptionAdvice [ExceptionAdvice.java:33] org.apache.tomcat.util.net.NioEndpoint$SocketProcessor.doRun(NioEndpoint.java:1591)
2020-05-22 19:08:35,353 ERROR [http-nio-9999-exec-6] c.z.f.c.a.ExceptionAdvice [ExceptionAdvice.java:33] org.apache.tomcat.util.net.SocketProcessorBase.run(SocketProcessorBase.java:49)
2020-05-22 19:08:35,353 ERROR [http-nio-9999-exec-6] c.z.f.c.a.ExceptionAdvice [ExceptionAdvice.java:33] java.util.concurrent.ThreadPoolExecutor.runWorker(ThreadPoolExecutor.java:1142)
2020-05-22 19:08:35,353 ERROR [http-nio-9999-exec-6] c.z.f.c.a.ExceptionAdvice [ExceptionAdvice.java:33] java.util.concurrent.ThreadPoolExecutor$Worker.run(ThreadPoolExecutor.java:617)
2020-05-22 19:08:35,353 ERROR [http-nio-9999-exec-6] c.z.f.c.a.ExceptionAdvice [ExceptionAdvice.java:33] org.apache.tomcat.util.threads.TaskThread$WrappingRunnable.run(TaskThread.java:61)
2020-05-22 19:08:35,354 ERROR [http-nio-9999-exec-6] c.z.f.c.a.ExceptionAdvice [ExceptionAdvice.java:33] java.lang.Thread.run(Thread.java:748)
2020-05-22 19:09:30,856 ERROR [http-nio-9999-exec-1] c.z.f.c.a.ExceptionAdvice [ExceptionAdvice.java:29] 服务器出现异常 : Authentication failed; nested exception is javax.mail.AuthenticationFailedException: 550 User has no permission

2020-05-22 19:09:30,857 ERROR [http-nio-9999-exec-1] c.z.f.c.a.ExceptionAdvice [ExceptionAdvice.java:33] org.springframework.mail.javamail.JavaMailSenderImpl.doSend(JavaMailSenderImpl.java:440)
2020-05-22 19:09:30,857 ERROR [http-nio-9999-exec-1] c.z.f.c.a.ExceptionAdvice [ExceptionAdvice.java:33] org.springframework.mail.javamail.JavaMailSenderImpl.send(JavaMailSenderImpl.java:361)
2020-05-22 19:09:30,857 ERROR [http-nio-9999-exec-1] c.z.f.c.a.ExceptionAdvice [ExceptionAdvice.java:33] org.springframework.mail.javamail.JavaMailSenderImpl.send(JavaMailSenderImpl.java:356)
2020-05-22 19:09:30,857 ERROR [http-nio-9999-exec-1] c.z.f.c.a.ExceptionAdvice [ExceptionAdvice.java:33] com.zhuan.friends.utils.MailClient.sendMail(MailClient.java:37)
2020-05-22 19:09:30,857 ERROR [http-nio-9999-exec-1] c.z.f.c.a.ExceptionAdvice [ExceptionAdvice.java:33] com.zhuan.friends.service.UserService.register(UserService.java:184)
2020-05-22 19:09:30,857 ERROR [http-nio-9999-exec-1] c.z.f.c.a.ExceptionAdvice [ExceptionAdvice.java:33] com.zhuan.friends.service.UserService$$FastClassBySpringCGLIB$$394e5211.invoke(<generated>)
2020-05-22 19:09:30,857 ERROR [http-nio-9999-exec-1] c.z.f.c.a.ExceptionAdvice [ExceptionAdvice.java:33] org.springframework.cglib.proxy.MethodProxy.invoke(MethodProxy.java:218)
2020-05-22 19:09:30,857 ERROR [http-nio-9999-exec-1] c.z.f.c.a.ExceptionAdvice [ExceptionAdvice.java:33] org.springframework.aop.framework.CglibAopProxy$CglibMethodInvocation.invokeJoinpoint(CglibAopProxy.java:769)
2020-05-22 19:09:30,857 ERROR [http-nio-9999-exec-1] c.z.f.c.a.ExceptionAdvice [ExceptionAdvice.java:33] org.springframework.aop.framework.ReflectiveMethodInvocation.proceed(ReflectiveMethodInvocation.java:163)
2020-05-22 19:09:30,857 ERROR [http-nio-9999-exec-1] c.z.f.c.a.ExceptionAdvice [ExceptionAdvice.java:33] org.springframework.aop.framework.CglibAopProxy$CglibMethodInvocation.proceed(CglibAopProxy.java:747)
2020-05-22 19:09:30,858 ERROR [http-nio-9999-exec-1] c.z.f.c.a.ExceptionAdvice [ExceptionAdvice.java:33] org.springframework.aop.framework.adapter.MethodBeforeAdviceInterceptor.invoke(MethodBeforeAdviceInterceptor.java:56)
2020-05-22 19:09:30,858 ERROR [http-nio-9999-exec-1] c.z.f.c.a.ExceptionAdvice [ExceptionAdvice.java:33] org.springframework.aop.framework.ReflectiveMethodInvocation.proceed(ReflectiveMethodInvocation.java:186)
2020-05-22 19:09:30,858 ERROR [http-nio-9999-exec-1] c.z.f.c.a.ExceptionAdvice [ExceptionAdvice.java:33] org.springframework.aop.framework.CglibAopProxy$CglibMethodInvocation.proceed(CglibAopProxy.java:747)
2020-05-22 19:09:30,858 ERROR [http-nio-9999-exec-1] c.z.f.c.a.ExceptionAdvice [ExceptionAdvice.java:33] org.springframework.aop.interceptor.ExposeInvocationInterceptor.invoke(ExposeInvocationInterceptor.java:93)
2020-05-22 19:09:30,858 ERROR [http-nio-9999-exec-1] c.z.f.c.a.ExceptionAdvice [ExceptionAdvice.java:33] org.springframework.aop.framework.ReflectiveMethodInvocation.proceed(ReflectiveMethodInvocation.java:186)
2020-05-22 19:09:30,858 ERROR [http-nio-9999-exec-1] c.z.f.c.a.ExceptionAdvice [ExceptionAdvice.java:33] org.springframework.aop.framework.CglibAopProxy$CglibMethodInvocation.proceed(CglibAopProxy.java:747)
2020-05-22 19:09:30,858 ERROR [http-nio-9999-exec-1] c.z.f.c.a.ExceptionAdvice [ExceptionAdvice.java:33] org.springframework.aop.framework.CglibAopProxy$DynamicAdvisedInterceptor.intercept(CglibAopProxy.java:689)
2020-05-22 19:09:30,858 ERROR [http-nio-9999-exec-1] c.z.f.c.a.ExceptionAdvice [ExceptionAdvice.java:33] com.zhuan.friends.service.UserService$$EnhancerBySpringCGLIB$$f3a1ba91.register(<generated>)
2020-05-22 19:09:30,858 ERROR [http-nio-9999-exec-1] c.z.f.c.a.ExceptionAdvice [ExceptionAdvice.java:33] com.zhuan.friends.controller.LoginController.register(LoginController.java:46)
2020-05-22 19:09:30,858 ERROR [http-nio-9999-exec-1] c.z.f.c.a.ExceptionAdvice [ExceptionAdvice.java:33] sun.reflect.NativeMethodAccessorImpl.invoke0(Native Method)
2020-05-22 19:09:30,859 ERROR [http-nio-9999-exec-1] c.z.f.c.a.ExceptionAdvice [ExceptionAdvice.java:33] sun.reflect.NativeMethodAccessorImpl.invoke(NativeMethodAccessorImpl.java:62)
2020-05-22 19:09:30,859 ERROR [http-nio-9999-exec-1] c.z.f.c.a.ExceptionAdvice [ExceptionAdvice.java:33] sun.reflect.DelegatingMethodAccessorImpl.invoke(DelegatingMethodAccessorImpl.java:43)
2020-05-22 19:09:30,859 ERROR [http-nio-9999-exec-1] c.z.f.c.a.ExceptionAdvice [ExceptionAdvice.java:33] java.lang.reflect.Method.invoke(Method.java:498)
2020-05-22 19:09:30,859 ERROR [http-nio-9999-exec-1] c.z.f.c.a.ExceptionAdvice [ExceptionAdvice.java:33] org.springframework.web.method.support.InvocableHandlerMethod.doInvoke(InvocableHandlerMethod.java:190)
2020-05-22 19:09:30,859 ERROR [http-nio-9999-exec-1] c.z.f.c.a.ExceptionAdvice [ExceptionAdvice.java:33] org.springframework.web.method.support.InvocableHandlerMethod.invokeForRequest(InvocableHandlerMethod.java:138)
2020-05-22 19:09:30,859 ERROR [http-nio-9999-exec-1] c.z.f.c.a.ExceptionAdvice [ExceptionAdvice.java:33] org.springframework.web.servlet.mvc.method.annotation.ServletInvocableHandlerMethod.invokeAndHandle(ServletInvocableHandlerMethod.java:106)
2020-05-22 19:09:30,859 ERROR [http-nio-9999-exec-1] c.z.f.c.a.ExceptionAdvice [ExceptionAdvice.java:33] org.springframework.web.servlet.mvc.method.annotation.RequestMappingHandlerAdapter.invokeHandlerMethod(RequestMappingHandlerAdapter.java:888)
2020-05-22 19:09:30,859 ERROR [http-nio-9999-exec-1] c.z.f.c.a.ExceptionAdvice [ExceptionAdvice.java:33] org.springframework.web.servlet.mvc.method.annotation.RequestMappingHandlerAdapter.handleInternal(RequestMappingHandlerAdapter.java:793)
2020-05-22 19:09:30,859 ERROR [http-nio-9999-exec-1] c.z.f.c.a.ExceptionAdvice [ExceptionAdvice.java:33] org.springframework.web.servlet.mvc.method.AbstractHandlerMethodAdapter.handle(AbstractHandlerMethodAdapter.java:87)
2020-05-22 19:09:30,860 ERROR [http-nio-9999-exec-1] c.z.f.c.a.ExceptionAdvice [ExceptionAdvice.java:33] org.springframework.web.servlet.DispatcherServlet.doDispatch(DispatcherServlet.java:1040)
2020-05-22 19:09:30,860 ERROR [http-nio-9999-exec-1] c.z.f.c.a.ExceptionAdvice [ExceptionAdvice.java:33] org.springframework.web.servlet.DispatcherServlet.doService(DispatcherServlet.java:943)
2020-05-22 19:09:30,860 ERROR [http-nio-9999-exec-1] c.z.f.c.a.ExceptionAdvice [ExceptionAdvice.java:33] org.springframework.web.servlet.FrameworkServlet.processRequest(FrameworkServlet.java:1006)
2020-05-22 19:09:30,860 ERROR [http-nio-9999-exec-1] c.z.f.c.a.ExceptionAdvice [ExceptionAdvice.java:33] org.springframework.web.servlet.FrameworkServlet.doPost(FrameworkServlet.java:909)
2020-05-22 19:09:30,860 ERROR [http-nio-9999-exec-1] c.z.f.c.a.ExceptionAdvice [ExceptionAdvice.java:33] javax.servlet.http.HttpServlet.service(HttpServlet.java:660)
2020-05-22 19:09:30,860 ERROR [http-nio-9999-exec-1] c.z.f.c.a.ExceptionAdvice [ExceptionAdvice.java:33] org.springframework.web.servlet.FrameworkServlet.service(FrameworkServlet.java:883)
2020-05-22 19:09:30,860 ERROR [http-nio-9999-exec-1] c.z.f.c.a.ExceptionAdvice [ExceptionAdvice.java:33] javax.servlet.http.HttpServlet.service(HttpServlet.java:741)
2020-05-22 19:09:30,860 ERROR [http-nio-9999-exec-1] c.z.f.c.a.ExceptionAdvice [ExceptionAdvice.java:33] org.apache.catalina.core.ApplicationFilterChain.internalDoFilter(ApplicationFilterChain.java:231)
2020-05-22 19:09:30,860 ERROR [http-nio-9999-exec-1] c.z.f.c.a.ExceptionAdvice [ExceptionAdvice.java:33] org.apache.catalina.core.ApplicationFilterChain.doFilter(ApplicationFilterChain.java:166)
2020-05-22 19:09:30,860 ERROR [http-nio-9999-exec-1] c.z.f.c.a.ExceptionAdvice [ExceptionAdvice.java:33] org.apache.tomcat.websocket.server.WsFilter.doFilter(WsFilter.java:53)
2020-05-22 19:09:30,861 ERROR [http-nio-9999-exec-1] c.z.f.c.a.ExceptionAdvice [ExceptionAdvice.java:33] org.apache.catalina.core.ApplicationFilterChain.internalDoFilter(ApplicationFilterChain.java:193)
2020-05-22 19:09:30,861 ERROR [http-nio-9999-exec-1] c.z.f.c.a.ExceptionAdvice [ExceptionAdvice.java:33] org.apache.catalina.core.ApplicationFilterChain.doFilter(ApplicationFilterChain.java:166)
2020-05-22 19:09:30,861 ERROR [http-nio-9999-exec-1] c.z.f.c.a.ExceptionAdvice [ExceptionAdvice.java:33] org.springframework.web.filter.RequestContextFilter.doFilterInternal(RequestContextFilter.java:100)
2020-05-22 19:09:30,861 ERROR [http-nio-9999-exec-1] c.z.f.c.a.ExceptionAdvice [ExceptionAdvice.java:33] org.springframework.web.filter.OncePerRequestFilter.doFilter(OncePerRequestFilter.java:119)
2020-05-22 19:09:30,861 ERROR [http-nio-9999-exec-1] c.z.f.c.a.ExceptionAdvice [ExceptionAdvice.java:33] org.apache.catalina.core.ApplicationFilterChain.internalDoFilter(ApplicationFilterChain.java:193)
2020-05-22 19:09:30,861 ERROR [http-nio-9999-exec-1] c.z.f.c.a.ExceptionAdvice [ExceptionAdvice.java:33] org.apache.catalina.core.ApplicationFilterChain.doFilter(ApplicationFilterChain.java:166)
2020-05-22 19:09:30,861 ERROR [http-nio-9999-exec-1] c.z.f.c.a.ExceptionAdvice [ExceptionAdvice.java:33] org.springframework.web.filter.FormContentFilter.doFilterInternal(FormContentFilter.java:93)
2020-05-22 19:09:30,861 ERROR [http-nio-9999-exec-1] c.z.f.c.a.ExceptionAdvice [ExceptionAdvice.java:33] org.springframework.web.filter.OncePerRequestFilter.doFilter(OncePerRequestFilter.java:119)
2020-05-22 19:09:30,861 ERROR [http-nio-9999-exec-1] c.z.f.c.a.ExceptionAdvice [ExceptionAdvice.java:33] org.apache.catalina.core.ApplicationFilterChain.internalDoFilter(ApplicationFilterChain.java:193)
2020-05-22 19:09:30,861 ERROR [http-nio-9999-exec-1] c.z.f.c.a.ExceptionAdvice [ExceptionAdvice.java:33] org.apache.catalina.core.ApplicationFilterChain.doFilter(ApplicationFilterChain.java:166)
2020-05-22 19:09:30,861 ERROR [http-nio-9999-exec-1] c.z.f.c.a.ExceptionAdvice [ExceptionAdvice.java:33] org.springframework.web.filter.CharacterEncodingFilter.doFilterInternal(CharacterEncodingFilter.java:201)
2020-05-22 19:09:30,862 ERROR [http-nio-9999-exec-1] c.z.f.c.a.ExceptionAdvice [ExceptionAdvice.java:33] org.springframework.web.filter.OncePerRequestFilter.doFilter(OncePerRequestFilter.java:119)
2020-05-22 19:09:30,862 ERROR [http-nio-9999-exec-1] c.z.f.c.a.ExceptionAdvice [ExceptionAdvice.java:33] org.apache.catalina.core.ApplicationFilterChain.internalDoFilter(ApplicationFilterChain.java:193)
2020-05-22 19:09:30,862 ERROR [http-nio-9999-exec-1] c.z.f.c.a.ExceptionAdvice [ExceptionAdvice.java:33] org.apache.catalina.core.ApplicationFilterChain.doFilter(ApplicationFilterChain.java:166)
2020-05-22 19:09:30,862 ERROR [http-nio-9999-exec-1] c.z.f.c.a.ExceptionAdvice [ExceptionAdvice.java:33] org.apache.catalina.core.StandardWrapperValve.invoke(StandardWrapperValve.java:202)
2020-05-22 19:09:30,862 ERROR [http-nio-9999-exec-1] c.z.f.c.a.ExceptionAdvice [ExceptionAdvice.java:33] org.apache.catalina.core.StandardContextValve.invoke(StandardContextValve.java:96)
2020-05-22 19:09:30,862 ERROR [http-nio-9999-exec-1] c.z.f.c.a.ExceptionAdvice [ExceptionAdvice.java:33] org.apache.catalina.authenticator.AuthenticatorBase.invoke(AuthenticatorBase.java:526)
2020-05-22 19:09:30,862 ERROR [http-nio-9999-exec-1] c.z.f.c.a.ExceptionAdvice [ExceptionAdvice.java:33] org.apache.catalina.core.StandardHostValve.invoke(StandardHostValve.java:139)
2020-05-22 19:09:30,862 ERROR [http-nio-9999-exec-1] c.z.f.c.a.ExceptionAdvice [ExceptionAdvice.java:33] org.apache.catalina.valves.ErrorReportValve.invoke(ErrorReportValve.java:92)
2020-05-22 19:09:30,862 ERROR [http-nio-9999-exec-1] c.z.f.c.a.ExceptionAdvice [ExceptionAdvice.java:33] org.apache.catalina.core.StandardEngineValve.invoke(StandardEngineValve.java:74)
2020-05-22 19:09:30,863 ERROR [http-nio-9999-exec-1] c.z.f.c.a.ExceptionAdvice [ExceptionAdvice.java:33] org.apache.catalina.connector.CoyoteAdapter.service(CoyoteAdapter.java:343)
2020-05-22 19:09:30,863 ERROR [http-nio-9999-exec-1] c.z.f.c.a.ExceptionAdvice [ExceptionAdvice.java:33] org.apache.coyote.http11.Http11Processor.service(Http11Processor.java:367)
2020-05-22 19:09:30,863 ERROR [http-nio-9999-exec-1] c.z.f.c.a.ExceptionAdvice [ExceptionAdvice.java:33] org.apache.coyote.AbstractProcessorLight.process(AbstractProcessorLight.java:65)
2020-05-22 19:09:30,863 ERROR [http-nio-9999-exec-1] c.z.f.c.a.ExceptionAdvice [ExceptionAdvice.java:33] org.apache.coyote.AbstractProtocol$ConnectionHandler.process(AbstractProtocol.java:860)
2020-05-22 19:09:30,863 ERROR [http-nio-9999-exec-1] c.z.f.c.a.ExceptionAdvice [ExceptionAdvice.java:33] org.apache.tomcat.util.net.NioEndpoint$SocketProcessor.doRun(NioEndpoint.java:1591)
2020-05-22 19:09:30,863 ERROR [http-nio-9999-exec-1] c.z.f.c.a.ExceptionAdvice [ExceptionAdvice.java:33] org.apache.tomcat.util.net.SocketProcessorBase.run(SocketProcessorBase.java:49)
2020-05-22 19:09:30,863 ERROR [http-nio-9999-exec-1] c.z.f.c.a.ExceptionAdvice [ExceptionAdvice.java:33] java.util.concurrent.ThreadPoolExecutor.runWorker(ThreadPoolExecutor.java:1142)
2020-05-22 19:09:30,863 ERROR [http-nio-9999-exec-1] c.z.f.c.a.ExceptionAdvice [ExceptionAdvice.java:33] java.util.concurrent.ThreadPoolExecutor$Worker.run(ThreadPoolExecutor.java:617)
2020-05-22 19:09:30,863 ERROR [http-nio-9999-exec-1] c.z.f.c.a.ExceptionAdvice [ExceptionAdvice.java:33] org.apache.tomcat.util.threads.TaskThread$WrappingRunnable.run(TaskThread.java:61)
2020-05-22 19:09:30,863 ERROR [http-nio-9999-exec-1] c.z.f.c.a.ExceptionAdvice [ExceptionAdvice.java:33] java.lang.Thread.run(Thread.java:748)
2020-05-22 19:11:05,649 ERROR [http-nio-9999-exec-4] c.z.f.c.a.ExceptionAdvice [ExceptionAdvice.java:29] 服务器出现异常 : Authentication failed; nested exception is javax.mail.AuthenticationFailedException: 550 User has no permission

2020-05-22 19:11:05,649 ERROR [http-nio-9999-exec-4] c.z.f.c.a.ExceptionAdvice [ExceptionAdvice.java:33] org.springframework.mail.javamail.JavaMailSenderImpl.doSend(JavaMailSenderImpl.java:440)
2020-05-22 19:11:05,649 ERROR [http-nio-9999-exec-4] c.z.f.c.a.ExceptionAdvice [ExceptionAdvice.java:33] org.springframework.mail.javamail.JavaMailSenderImpl.send(JavaMailSenderImpl.java:361)
2020-05-22 19:11:05,649 ERROR [http-nio-9999-exec-4] c.z.f.c.a.ExceptionAdvice [ExceptionAdvice.java:33] org.springframework.mail.javamail.JavaMailSenderImpl.send(JavaMailSenderImpl.java:356)
2020-05-22 19:11:05,650 ERROR [http-nio-9999-exec-4] c.z.f.c.a.ExceptionAdvice [ExceptionAdvice.java:33] com.zhuan.friends.utils.MailClient.sendMail(MailClient.java:37)
2020-05-22 19:11:05,650 ERROR [http-nio-9999-exec-4] c.z.f.c.a.ExceptionAdvice [ExceptionAdvice.java:33] com.zhuan.friends.service.UserService.register(UserService.java:184)
2020-05-22 19:11:05,650 ERROR [http-nio-9999-exec-4] c.z.f.c.a.ExceptionAdvice [ExceptionAdvice.java:33] com.zhuan.friends.service.UserService$$FastClassBySpringCGLIB$$394e5211.invoke(<generated>)
2020-05-22 19:11:05,650 ERROR [http-nio-9999-exec-4] c.z.f.c.a.ExceptionAdvice [ExceptionAdvice.java:33] org.springframework.cglib.proxy.MethodProxy.invoke(MethodProxy.java:218)
2020-05-22 19:11:05,650 ERROR [http-nio-9999-exec-4] c.z.f.c.a.ExceptionAdvice [ExceptionAdvice.java:33] org.springframework.aop.framework.CglibAopProxy$CglibMethodInvocation.invokeJoinpoint(CglibAopProxy.java:769)
2020-05-22 19:11:05,651 ERROR [http-nio-9999-exec-4] c.z.f.c.a.ExceptionAdvice [ExceptionAdvice.java:33] org.springframework.aop.framework.ReflectiveMethodInvocation.proceed(ReflectiveMethodInvocation.java:163)
2020-05-22 19:11:05,651 ERROR [http-nio-9999-exec-4] c.z.f.c.a.ExceptionAdvice [ExceptionAdvice.java:33] org.springframework.aop.framework.CglibAopProxy$CglibMethodInvocation.proceed(CglibAopProxy.java:747)
2020-05-22 19:11:05,651 ERROR [http-nio-9999-exec-4] c.z.f.c.a.ExceptionAdvice [ExceptionAdvice.java:33] org.springframework.aop.framework.adapter.MethodBeforeAdviceInterceptor.invoke(MethodBeforeAdviceInterceptor.java:56)
2020-05-22 19:11:05,651 ERROR [http-nio-9999-exec-4] c.z.f.c.a.ExceptionAdvice [ExceptionAdvice.java:33] org.springframework.aop.framework.ReflectiveMethodInvocation.proceed(ReflectiveMethodInvocation.java:186)
2020-05-22 19:11:05,651 ERROR [http-nio-9999-exec-4] c.z.f.c.a.ExceptionAdvice [ExceptionAdvice.java:33] org.springframework.aop.framework.CglibAopProxy$CglibMethodInvocation.proceed(CglibAopProxy.java:747)
2020-05-22 19:11:05,651 ERROR [http-nio-9999-exec-4] c.z.f.c.a.ExceptionAdvice [ExceptionAdvice.java:33] org.springframework.aop.interceptor.ExposeInvocationInterceptor.invoke(ExposeInvocationInterceptor.java:93)
2020-05-22 19:11:05,651 ERROR [http-nio-9999-exec-4] c.z.f.c.a.ExceptionAdvice [ExceptionAdvice.java:33] org.springframework.aop.framework.ReflectiveMethodInvocation.proceed(ReflectiveMethodInvocation.java:186)
2020-05-22 19:11:05,651 ERROR [http-nio-9999-exec-4] c.z.f.c.a.ExceptionAdvice [ExceptionAdvice.java:33] org.springframework.aop.framework.CglibAopProxy$CglibMethodInvocation.proceed(CglibAopProxy.java:747)
2020-05-22 19:11:05,651 ERROR [http-nio-9999-exec-4] c.z.f.c.a.ExceptionAdvice [ExceptionAdvice.java:33] org.springframework.aop.framework.CglibAopProxy$DynamicAdvisedInterceptor.intercept(CglibAopProxy.java:689)
2020-05-22 19:11:05,652 ERROR [http-nio-9999-exec-4] c.z.f.c.a.ExceptionAdvice [ExceptionAdvice.java:33] com.zhuan.friends.service.UserService$$EnhancerBySpringCGLIB$$9714a675.register(<generated>)
2020-05-22 19:11:05,652 ERROR [http-nio-9999-exec-4] c.z.f.c.a.ExceptionAdvice [ExceptionAdvice.java:33] com.zhuan.friends.controller.LoginController.register(LoginController.java:46)
2020-05-22 19:11:05,652 ERROR [http-nio-9999-exec-4] c.z.f.c.a.ExceptionAdvice [ExceptionAdvice.java:33] sun.reflect.NativeMethodAccessorImpl.invoke0(Native Method)
2020-05-22 19:11:05,652 ERROR [http-nio-9999-exec-4] c.z.f.c.a.ExceptionAdvice [ExceptionAdvice.java:33] sun.reflect.NativeMethodAccessorImpl.invoke(NativeMethodAccessorImpl.java:62)
2020-05-22 19:11:05,652 ERROR [http-nio-9999-exec-4] c.z.f.c.a.ExceptionAdvice [ExceptionAdvice.java:33] sun.reflect.DelegatingMethodAccessorImpl.invoke(DelegatingMethodAccessorImpl.java:43)
2020-05-22 19:11:05,652 ERROR [http-nio-9999-exec-4] c.z.f.c.a.ExceptionAdvice [ExceptionAdvice.java:33] java.lang.reflect.Method.invoke(Method.java:498)
2020-05-22 19:11:05,652 ERROR [http-nio-9999-exec-4] c.z.f.c.a.ExceptionAdvice [ExceptionAdvice.java:33] org.springframework.web.method.support.InvocableHandlerMethod.doInvoke(InvocableHandlerMethod.java:190)
2020-05-22 19:11:05,652 ERROR [http-nio-9999-exec-4] c.z.f.c.a.ExceptionAdvice [ExceptionAdvice.java:33] org.springframework.web.method.support.InvocableHandlerMethod.invokeForRequest(InvocableHandlerMethod.java:138)
2020-05-22 19:11:05,652 ERROR [http-nio-9999-exec-4] c.z.f.c.a.ExceptionAdvice [ExceptionAdvice.java:33] org.springframework.web.servlet.mvc.method.annotation.ServletInvocableHandlerMethod.invokeAndHandle(ServletInvocableHandlerMethod.java:106)
2020-05-22 19:11:05,653 ERROR [http-nio-9999-exec-4] c.z.f.c.a.ExceptionAdvice [ExceptionAdvice.java:33] org.springframework.web.servlet.mvc.method.annotation.RequestMappingHandlerAdapter.invokeHandlerMethod(RequestMappingHandlerAdapter.java:888)
2020-05-22 19:11:05,653 ERROR [http-nio-9999-exec-4] c.z.f.c.a.ExceptionAdvice [ExceptionAdvice.java:33] org.springframework.web.servlet.mvc.method.annotation.RequestMappingHandlerAdapter.handleInternal(RequestMappingHandlerAdapter.java:793)
2020-05-22 19:11:05,653 ERROR [http-nio-9999-exec-4] c.z.f.c.a.ExceptionAdvice [ExceptionAdvice.java:33] org.springframework.web.servlet.mvc.method.AbstractHandlerMethodAdapter.handle(AbstractHandlerMethodAdapter.java:87)
2020-05-22 19:11:05,653 ERROR [http-nio-9999-exec-4] c.z.f.c.a.ExceptionAdvice [ExceptionAdvice.java:33] org.springframework.web.servlet.DispatcherServlet.doDispatch(DispatcherServlet.java:1040)
2020-05-22 19:11:05,653 ERROR [http-nio-9999-exec-4] c.z.f.c.a.ExceptionAdvice [ExceptionAdvice.java:33] org.springframework.web.servlet.DispatcherServlet.doService(DispatcherServlet.java:943)
2020-05-22 19:11:05,653 ERROR [http-nio-9999-exec-4] c.z.f.c.a.ExceptionAdvice [ExceptionAdvice.java:33] org.springframework.web.servlet.FrameworkServlet.processRequest(FrameworkServlet.java:1006)
2020-05-22 19:11:05,654 ERROR [http-nio-9999-exec-4] c.z.f.c.a.ExceptionAdvice [ExceptionAdvice.java:33] org.springframework.web.servlet.FrameworkServlet.doPost(FrameworkServlet.java:909)
2020-05-22 19:11:05,654 ERROR [http-nio-9999-exec-4] c.z.f.c.a.ExceptionAdvice [ExceptionAdvice.java:33] javax.servlet.http.HttpServlet.service(HttpServlet.java:660)
2020-05-22 19:11:05,654 ERROR [http-nio-9999-exec-4] c.z.f.c.a.ExceptionAdvice [ExceptionAdvice.java:33] org.springframework.web.servlet.FrameworkServlet.service(FrameworkServlet.java:883)
2020-05-22 19:11:05,654 ERROR [http-nio-9999-exec-4] c.z.f.c.a.ExceptionAdvice [ExceptionAdvice.java:33] javax.servlet.http.HttpServlet.service(HttpServlet.java:741)
2020-05-22 19:11:05,654 ERROR [http-nio-9999-exec-4] c.z.f.c.a.ExceptionAdvice [ExceptionAdvice.java:33] org.apache.catalina.core.ApplicationFilterChain.internalDoFilter(ApplicationFilterChain.java:231)
2020-05-22 19:11:05,654 ERROR [http-nio-9999-exec-4] c.z.f.c.a.ExceptionAdvice [ExceptionAdvice.java:33] org.apache.catalina.core.ApplicationFilterChain.doFilter(ApplicationFilterChain.java:166)
2020-05-22 19:11:05,654 ERROR [http-nio-9999-exec-4] c.z.f.c.a.ExceptionAdvice [ExceptionAdvice.java:33] org.apache.tomcat.websocket.server.WsFilter.doFilter(WsFilter.java:53)
2020-05-22 19:11:05,654 ERROR [http-nio-9999-exec-4] c.z.f.c.a.ExceptionAdvice [ExceptionAdvice.java:33] org.apache.catalina.core.ApplicationFilterChain.internalDoFilter(ApplicationFilterChain.java:193)
2020-05-22 19:11:05,654 ERROR [http-nio-9999-exec-4] c.z.f.c.a.ExceptionAdvice [ExceptionAdvice.java:33] org.apache.catalina.core.ApplicationFilterChain.doFilter(ApplicationFilterChain.java:166)
2020-05-22 19:11:05,655 ERROR [http-nio-9999-exec-4] c.z.f.c.a.ExceptionAdvice [ExceptionAdvice.java:33] org.springframework.web.filter.RequestContextFilter.doFilterInternal(RequestContextFilter.java:100)
2020-05-22 19:11:05,655 ERROR [http-nio-9999-exec-4] c.z.f.c.a.ExceptionAdvice [ExceptionAdvice.java:33] org.springframework.web.filter.OncePerRequestFilter.doFilter(OncePerRequestFilter.java:119)
2020-05-22 19:11:05,655 ERROR [http-nio-9999-exec-4] c.z.f.c.a.ExceptionAdvice [ExceptionAdvice.java:33] org.apache.catalina.core.ApplicationFilterChain.internalDoFilter(ApplicationFilterChain.java:193)
2020-05-22 19:11:05,655 ERROR [http-nio-9999-exec-4] c.z.f.c.a.ExceptionAdvice [ExceptionAdvice.java:33] org.apache.catalina.core.ApplicationFilterChain.doFilter(ApplicationFilterChain.java:166)
2020-05-22 19:11:05,655 ERROR [http-nio-9999-exec-4] c.z.f.c.a.ExceptionAdvice [ExceptionAdvice.java:33] org.springframework.web.filter.FormContentFilter.doFilterInternal(FormContentFilter.java:93)
2020-05-22 19:11:05,655 ERROR [http-nio-9999-exec-4] c.z.f.c.a.ExceptionAdvice [ExceptionAdvice.java:33] org.springframework.web.filter.OncePerRequestFilter.doFilter(OncePerRequestFilter.java:119)
2020-05-22 19:11:05,655 ERROR [http-nio-9999-exec-4] c.z.f.c.a.ExceptionAdvice [ExceptionAdvice.java:33] org.apache.catalina.core.ApplicationFilterChain.internalDoFilter(ApplicationFilterChain.java:193)
2020-05-22 19:11:05,655 ERROR [http-nio-9999-exec-4] c.z.f.c.a.ExceptionAdvice [ExceptionAdvice.java:33] org.apache.catalina.core.ApplicationFilterChain.doFilter(ApplicationFilterChain.java:166)
2020-05-22 19:11:05,655 ERROR [http-nio-9999-exec-4] c.z.f.c.a.ExceptionAdvice [ExceptionAdvice.java:33] org.springframework.web.filter.CharacterEncodingFilter.doFilterInternal(CharacterEncodingFilter.java:201)
2020-05-22 19:11:05,655 ERROR [http-nio-9999-exec-4] c.z.f.c.a.ExceptionAdvice [ExceptionAdvice.java:33] org.springframework.web.filter.OncePerRequestFilter.doFilter(OncePerRequestFilter.java:119)
2020-05-22 19:11:05,656 ERROR [http-nio-9999-exec-4] c.z.f.c.a.ExceptionAdvice [ExceptionAdvice.java:33] org.apache.catalina.core.ApplicationFilterChain.internalDoFilter(ApplicationFilterChain.java:193)
2020-05-22 19:11:05,656 ERROR [http-nio-9999-exec-4] c.z.f.c.a.ExceptionAdvice [ExceptionAdvice.java:33] org.apache.catalina.core.ApplicationFilterChain.doFilter(ApplicationFilterChain.java:166)
2020-05-22 19:11:05,656 ERROR [http-nio-9999-exec-4] c.z.f.c.a.ExceptionAdvice [ExceptionAdvice.java:33] org.apache.catalina.core.StandardWrapperValve.invoke(StandardWrapperValve.java:202)
2020-05-22 19:11:05,656 ERROR [http-nio-9999-exec-4] c.z.f.c.a.ExceptionAdvice [ExceptionAdvice.java:33] org.apache.catalina.core.StandardContextValve.invoke(StandardContextValve.java:96)
2020-05-22 19:11:05,656 ERROR [http-nio-9999-exec-4] c.z.f.c.a.ExceptionAdvice [ExceptionAdvice.java:33] org.apache.catalina.authenticator.AuthenticatorBase.invoke(AuthenticatorBase.java:526)
2020-05-22 19:11:05,656 ERROR [http-nio-9999-exec-4] c.z.f.c.a.ExceptionAdvice [ExceptionAdvice.java:33] org.apache.catalina.core.StandardHostValve.invoke(StandardHostValve.java:139)
2020-05-22 19:11:05,656 ERROR [http-nio-9999-exec-4] c.z.f.c.a.ExceptionAdvice [ExceptionAdvice.java:33] org.apache.catalina.valves.ErrorReportValve.invoke(ErrorReportValve.java:92)
2020-05-22 19:11:05,656 ERROR [http-nio-9999-exec-4] c.z.f.c.a.ExceptionAdvice [ExceptionAdvice.java:33] org.apache.catalina.core.StandardEngineValve.invoke(StandardEngineValve.java:74)
2020-05-22 19:11:05,656 ERROR [http-nio-9999-exec-4] c.z.f.c.a.ExceptionAdvice [ExceptionAdvice.java:33] org.apache.catalina.connector.CoyoteAdapter.service(CoyoteAdapter.java:343)
2020-05-22 19:11:05,657 ERROR [http-nio-9999-exec-4] c.z.f.c.a.ExceptionAdvice [ExceptionAdvice.java:33] org.apache.coyote.http11.Http11Processor.service(Http11Processor.java:367)
2020-05-22 19:11:05,657 ERROR [http-nio-9999-exec-4] c.z.f.c.a.ExceptionAdvice [ExceptionAdvice.java:33] org.apache.coyote.AbstractProcessorLight.process(AbstractProcessorLight.java:65)
2020-05-22 19:11:05,657 ERROR [http-nio-9999-exec-4] c.z.f.c.a.ExceptionAdvice [ExceptionAdvice.java:33] org.apache.coyote.AbstractProtocol$ConnectionHandler.process(AbstractProtocol.java:860)
2020-05-22 19:11:05,657 ERROR [http-nio-9999-exec-4] c.z.f.c.a.ExceptionAdvice [ExceptionAdvice.java:33] org.apache.tomcat.util.net.NioEndpoint$SocketProcessor.doRun(NioEndpoint.java:1591)
2020-05-22 19:11:05,657 ERROR [http-nio-9999-exec-4] c.z.f.c.a.ExceptionAdvice [ExceptionAdvice.java:33] org.apache.tomcat.util.net.SocketProcessorBase.run(SocketProcessorBase.java:49)
2020-05-22 19:11:05,657 ERROR [http-nio-9999-exec-4] c.z.f.c.a.ExceptionAdvice [ExceptionAdvice.java:33] java.util.concurrent.ThreadPoolExecutor.runWorker(ThreadPoolExecutor.java:1142)
2020-05-22 19:11:05,657 ERROR [http-nio-9999-exec-4] c.z.f.c.a.ExceptionAdvice [ExceptionAdvice.java:33] java.util.concurrent.ThreadPoolExecutor$Worker.run(ThreadPoolExecutor.java:617)
2020-05-22 19:11:05,657 ERROR [http-nio-9999-exec-4] c.z.f.c.a.ExceptionAdvice [ExceptionAdvice.java:33] org.apache.tomcat.util.threads.TaskThread$WrappingRunnable.run(TaskThread.java:61)
2020-05-22 19:11:05,658 ERROR [http-nio-9999-exec-4] c.z.f.c.a.ExceptionAdvice [ExceptionAdvice.java:33] java.lang.Thread.run(Thread.java:748)
2020-05-22 19:17:29,022 ERROR [http-nio-9999-exec-4] c.z.f.c.a.ExceptionAdvice [ExceptionAdvice.java:29] 服务器出现异常 : Authentication failed; nested exception is javax.mail.AuthenticationFailedException: 535 Error: authentication failed

2020-05-22 19:17:29,023 ERROR [http-nio-9999-exec-4] c.z.f.c.a.ExceptionAdvice [ExceptionAdvice.java:33] org.springframework.mail.javamail.JavaMailSenderImpl.doSend(JavaMailSenderImpl.java:440)
2020-05-22 19:17:29,023 ERROR [http-nio-9999-exec-4] c.z.f.c.a.ExceptionAdvice [ExceptionAdvice.java:33] org.springframework.mail.javamail.JavaMailSenderImpl.send(JavaMailSenderImpl.java:361)
2020-05-22 19:17:29,023 ERROR [http-nio-9999-exec-4] c.z.f.c.a.ExceptionAdvice [ExceptionAdvice.java:33] org.springframework.mail.javamail.JavaMailSenderImpl.send(JavaMailSenderImpl.java:356)
2020-05-22 19:17:29,023 ERROR [http-nio-9999-exec-4] c.z.f.c.a.ExceptionAdvice [ExceptionAdvice.java:33] com.zhuan.friends.utils.MailClient.sendMail(MailClient.java:37)
2020-05-22 19:17:29,023 ERROR [http-nio-9999-exec-4] c.z.f.c.a.ExceptionAdvice [ExceptionAdvice.java:33] com.zhuan.friends.service.UserService.register(UserService.java:184)
2020-05-22 19:17:29,023 ERROR [http-nio-9999-exec-4] c.z.f.c.a.ExceptionAdvice [ExceptionAdvice.java:33] com.zhuan.friends.service.UserService$$FastClassBySpringCGLIB$$394e5211.invoke(<generated>)
2020-05-22 19:17:29,023 ERROR [http-nio-9999-exec-4] c.z.f.c.a.ExceptionAdvice [ExceptionAdvice.java:33] org.springframework.cglib.proxy.MethodProxy.invoke(MethodProxy.java:218)
2020-05-22 19:17:29,024 ERROR [http-nio-9999-exec-4] c.z.f.c.a.ExceptionAdvice [ExceptionAdvice.java:33] org.springframework.aop.framework.CglibAopProxy$CglibMethodInvocation.invokeJoinpoint(CglibAopProxy.java:769)
2020-05-22 19:17:29,024 ERROR [http-nio-9999-exec-4] c.z.f.c.a.ExceptionAdvice [ExceptionAdvice.java:33] org.springframework.aop.framework.ReflectiveMethodInvocation.proceed(ReflectiveMethodInvocation.java:163)
2020-05-22 19:17:29,024 ERROR [http-nio-9999-exec-4] c.z.f.c.a.ExceptionAdvice [ExceptionAdvice.java:33] org.springframework.aop.framework.CglibAopProxy$CglibMethodInvocation.proceed(CglibAopProxy.java:747)
2020-05-22 19:17:29,024 ERROR [http-nio-9999-exec-4] c.z.f.c.a.ExceptionAdvice [ExceptionAdvice.java:33] org.springframework.aop.framework.adapter.MethodBeforeAdviceInterceptor.invoke(MethodBeforeAdviceInterceptor.java:56)
2020-05-22 19:17:29,024 ERROR [http-nio-9999-exec-4] c.z.f.c.a.ExceptionAdvice [ExceptionAdvice.java:33] org.springframework.aop.framework.ReflectiveMethodInvocation.proceed(ReflectiveMethodInvocation.java:186)
2020-05-22 19:17:29,024 ERROR [http-nio-9999-exec-4] c.z.f.c.a.ExceptionAdvice [ExceptionAdvice.java:33] org.springframework.aop.framework.CglibAopProxy$CglibMethodInvocation.proceed(CglibAopProxy.java:747)
2020-05-22 19:17:29,024 ERROR [http-nio-9999-exec-4] c.z.f.c.a.ExceptionAdvice [ExceptionAdvice.java:33] org.springframework.aop.interceptor.ExposeInvocationInterceptor.invoke(ExposeInvocationInterceptor.java:93)
2020-05-22 19:17:29,024 ERROR [http-nio-9999-exec-4] c.z.f.c.a.ExceptionAdvice [ExceptionAdvice.java:33] org.springframework.aop.framework.ReflectiveMethodInvocation.proceed(ReflectiveMethodInvocation.java:186)
2020-05-22 19:17:29,024 ERROR [http-nio-9999-exec-4] c.z.f.c.a.ExceptionAdvice [ExceptionAdvice.java:33] org.springframework.aop.framework.CglibAopProxy$CglibMethodInvocation.proceed(CglibAopProxy.java:747)
2020-05-22 19:17:29,024 ERROR [http-nio-9999-exec-4] c.z.f.c.a.ExceptionAdvice [ExceptionAdvice.java:33] org.springframework.aop.framework.CglibAopProxy$DynamicAdvisedInterceptor.intercept(CglibAopProxy.java:689)
2020-05-22 19:17:29,025 ERROR [http-nio-9999-exec-4] c.z.f.c.a.ExceptionAdvice [ExceptionAdvice.java:33] com.zhuan.friends.service.UserService$$EnhancerBySpringCGLIB$$9714a675.register(<generated>)
2020-05-22 19:17:29,025 ERROR [http-nio-9999-exec-4] c.z.f.c.a.ExceptionAdvice [ExceptionAdvice.java:33] com.zhuan.friends.controller.LoginController.register(LoginController.java:46)
2020-05-22 19:17:29,025 ERROR [http-nio-9999-exec-4] c.z.f.c.a.ExceptionAdvice [ExceptionAdvice.java:33] sun.reflect.NativeMethodAccessorImpl.invoke0(Native Method)
2020-05-22 19:17:29,025 ERROR [http-nio-9999-exec-4] c.z.f.c.a.ExceptionAdvice [ExceptionAdvice.java:33] sun.reflect.NativeMethodAccessorImpl.invoke(NativeMethodAccessorImpl.java:62)
2020-05-22 19:17:29,025 ERROR [http-nio-9999-exec-4] c.z.f.c.a.ExceptionAdvice [ExceptionAdvice.java:33] sun.reflect.DelegatingMethodAccessorImpl.invoke(DelegatingMethodAccessorImpl.java:43)
2020-05-22 19:17:29,025 ERROR [http-nio-9999-exec-4] c.z.f.c.a.ExceptionAdvice [ExceptionAdvice.java:33] java.lang.reflect.Method.invoke(Method.java:498)
2020-05-22 19:17:29,025 ERROR [http-nio-9999-exec-4] c.z.f.c.a.ExceptionAdvice [ExceptionAdvice.java:33] org.springframework.web.method.support.InvocableHandlerMethod.doInvoke(InvocableHandlerMethod.java:190)
2020-05-22 19:17:29,025 ERROR [http-nio-9999-exec-4] c.z.f.c.a.ExceptionAdvice [ExceptionAdvice.java:33] org.springframework.web.method.support.InvocableHandlerMethod.invokeForRequest(InvocableHandlerMethod.java:138)
2020-05-22 19:17:29,026 ERROR [http-nio-9999-exec-4] c.z.f.c.a.ExceptionAdvice [ExceptionAdvice.java:33] org.springframework.web.servlet.mvc.method.annotation.ServletInvocableHandlerMethod.invokeAndHandle(ServletInvocableHandlerMethod.java:106)
2020-05-22 19:17:29,026 ERROR [http-nio-9999-exec-4] c.z.f.c.a.ExceptionAdvice [ExceptionAdvice.java:33] org.springframework.web.servlet.mvc.method.annotation.RequestMappingHandlerAdapter.invokeHandlerMethod(RequestMappingHandlerAdapter.java:888)
2020-05-22 19:17:29,026 ERROR [http-nio-9999-exec-4] c.z.f.c.a.ExceptionAdvice [ExceptionAdvice.java:33] org.springframework.web.servlet.mvc.method.annotation.RequestMappingHandlerAdapter.handleInternal(RequestMappingHandlerAdapter.java:793)
2020-05-22 19:17:29,026 ERROR [http-nio-9999-exec-4] c.z.f.c.a.ExceptionAdvice [ExceptionAdvice.java:33] org.springframework.web.servlet.mvc.method.AbstractHandlerMethodAdapter.handle(AbstractHandlerMethodAdapter.java:87)
2020-05-22 19:17:29,026 ERROR [http-nio-9999-exec-4] c.z.f.c.a.ExceptionAdvice [ExceptionAdvice.java:33] org.springframework.web.servlet.DispatcherServlet.doDispatch(DispatcherServlet.java:1040)
2020-05-22 19:17:29,026 ERROR [http-nio-9999-exec-4] c.z.f.c.a.ExceptionAdvice [ExceptionAdvice.java:33] org.springframework.web.servlet.DispatcherServlet.doService(DispatcherServlet.java:943)
2020-05-22 19:17:29,026 ERROR [http-nio-9999-exec-4] c.z.f.c.a.ExceptionAdvice [ExceptionAdvice.java:33] org.springframework.web.servlet.FrameworkServlet.processRequest(FrameworkServlet.java:1006)
2020-05-22 19:17:29,026 ERROR [http-nio-9999-exec-4] c.z.f.c.a.ExceptionAdvice [ExceptionAdvice.java:33] org.springframework.web.servlet.FrameworkServlet.doPost(FrameworkServlet.java:909)
2020-05-22 19:17:29,026 ERROR [http-nio-9999-exec-4] c.z.f.c.a.ExceptionAdvice [ExceptionAdvice.java:33] javax.servlet.http.HttpServlet.service(HttpServlet.java:660)
2020-05-22 19:17:29,026 ERROR [http-nio-9999-exec-4] c.z.f.c.a.ExceptionAdvice [ExceptionAdvice.java:33] org.springframework.web.servlet.FrameworkServlet.service(FrameworkServlet.java:883)
2020-05-22 19:17:29,027 ERROR [http-nio-9999-exec-4] c.z.f.c.a.ExceptionAdvice [ExceptionAdvice.java:33] javax.servlet.http.HttpServlet.service(HttpServlet.java:741)
2020-05-22 19:17:29,027 ERROR [http-nio-9999-exec-4] c.z.f.c.a.ExceptionAdvice [ExceptionAdvice.java:33] org.apache.catalina.core.ApplicationFilterChain.internalDoFilter(ApplicationFilterChain.java:231)
2020-05-22 19:17:29,027 ERROR [http-nio-9999-exec-4] c.z.f.c.a.ExceptionAdvice [ExceptionAdvice.java:33] org.apache.catalina.core.ApplicationFilterChain.doFilter(ApplicationFilterChain.java:166)
2020-05-22 19:17:29,027 ERROR [http-nio-9999-exec-4] c.z.f.c.a.ExceptionAdvice [ExceptionAdvice.java:33] org.apache.tomcat.websocket.server.WsFilter.doFilter(WsFilter.java:53)
2020-05-22 19:17:29,027 ERROR [http-nio-9999-exec-4] c.z.f.c.a.ExceptionAdvice [ExceptionAdvice.java:33] org.apache.catalina.core.ApplicationFilterChain.internalDoFilter(ApplicationFilterChain.java:193)
2020-05-22 19:17:29,027 ERROR [http-nio-9999-exec-4] c.z.f.c.a.ExceptionAdvice [ExceptionAdvice.java:33] org.apache.catalina.core.ApplicationFilterChain.doFilter(ApplicationFilterChain.java:166)
2020-05-22 19:17:29,027 ERROR [http-nio-9999-exec-4] c.z.f.c.a.ExceptionAdvice [ExceptionAdvice.java:33] org.springframework.web.filter.RequestContextFilter.doFilterInternal(RequestContextFilter.java:100)
2020-05-22 19:17:29,027 ERROR [http-nio-9999-exec-4] c.z.f.c.a.ExceptionAdvice [ExceptionAdvice.java:33] org.springframework.web.filter.OncePerRequestFilter.doFilter(OncePerRequestFilter.java:119)
2020-05-22 19:17:29,027 ERROR [http-nio-9999-exec-4] c.z.f.c.a.ExceptionAdvice [ExceptionAdvice.java:33] org.apache.catalina.core.ApplicationFilterChain.internalDoFilter(ApplicationFilterChain.java:193)
2020-05-22 19:17:29,027 ERROR [http-nio-9999-exec-4] c.z.f.c.a.ExceptionAdvice [ExceptionAdvice.java:33] org.apache.catalina.core.ApplicationFilterChain.doFilter(ApplicationFilterChain.java:166)
2020-05-22 19:17:29,028 ERROR [http-nio-9999-exec-4] c.z.f.c.a.ExceptionAdvice [ExceptionAdvice.java:33] org.springframework.web.filter.FormContentFilter.doFilterInternal(FormContentFilter.java:93)
2020-05-22 19:17:29,028 ERROR [http-nio-9999-exec-4] c.z.f.c.a.ExceptionAdvice [ExceptionAdvice.java:33] org.springframework.web.filter.OncePerRequestFilter.doFilter(OncePerRequestFilter.java:119)
2020-05-22 19:17:29,028 ERROR [http-nio-9999-exec-4] c.z.f.c.a.ExceptionAdvice [ExceptionAdvice.java:33] org.apache.catalina.core.ApplicationFilterChain.internalDoFilter(ApplicationFilterChain.java:193)
2020-05-22 19:17:29,028 ERROR [http-nio-9999-exec-4] c.z.f.c.a.ExceptionAdvice [ExceptionAdvice.java:33] org.apache.catalina.core.ApplicationFilterChain.doFilter(ApplicationFilterChain.java:166)
2020-05-22 19:17:29,028 ERROR [http-nio-9999-exec-4] c.z.f.c.a.ExceptionAdvice [ExceptionAdvice.java:33] org.springframework.web.filter.CharacterEncodingFilter.doFilterInternal(CharacterEncodingFilter.java:201)
2020-05-22 19:17:29,028 ERROR [http-nio-9999-exec-4] c.z.f.c.a.ExceptionAdvice [ExceptionAdvice.java:33] org.springframework.web.filter.OncePerRequestFilter.doFilter(OncePerRequestFilter.java:119)
2020-05-22 19:17:29,028 ERROR [http-nio-9999-exec-4] c.z.f.c.a.ExceptionAdvice [ExceptionAdvice.java:33] org.apache.catalina.core.ApplicationFilterChain.internalDoFilter(ApplicationFilterChain.java:193)
2020-05-22 19:17:29,028 ERROR [http-nio-9999-exec-4] c.z.f.c.a.ExceptionAdvice [ExceptionAdvice.java:33] org.apache.catalina.core.ApplicationFilterChain.doFilter(ApplicationFilterChain.java:166)
2020-05-22 19:17:29,028 ERROR [http-nio-9999-exec-4] c.z.f.c.a.ExceptionAdvice [ExceptionAdvice.java:33] org.apache.catalina.core.StandardWrapperValve.invoke(StandardWrapperValve.java:202)
2020-05-22 19:17:29,028 ERROR [http-nio-9999-exec-4] c.z.f.c.a.ExceptionAdvice [ExceptionAdvice.java:33] org.apache.catalina.core.StandardContextValve.invoke(StandardContextValve.java:96)
2020-05-22 19:17:29,028 ERROR [http-nio-9999-exec-4] c.z.f.c.a.ExceptionAdvice [ExceptionAdvice.java:33] org.apache.catalina.authenticator.AuthenticatorBase.invoke(AuthenticatorBase.java:526)
2020-05-22 19:17:29,029 ERROR [http-nio-9999-exec-4] c.z.f.c.a.ExceptionAdvice [ExceptionAdvice.java:33] org.apache.catalina.core.StandardHostValve.invoke(StandardHostValve.java:139)
2020-05-22 19:17:29,029 ERROR [http-nio-9999-exec-4] c.z.f.c.a.ExceptionAdvice [ExceptionAdvice.java:33] org.apache.catalina.valves.ErrorReportValve.invoke(ErrorReportValve.java:92)
2020-05-22 19:17:29,029 ERROR [http-nio-9999-exec-4] c.z.f.c.a.ExceptionAdvice [ExceptionAdvice.java:33] org.apache.catalina.core.StandardEngineValve.invoke(StandardEngineValve.java:74)
2020-05-22 19:17:29,029 ERROR [http-nio-9999-exec-4] c.z.f.c.a.ExceptionAdvice [ExceptionAdvice.java:33] org.apache.catalina.connector.CoyoteAdapter.service(CoyoteAdapter.java:343)
2020-05-22 19:17:29,029 ERROR [http-nio-9999-exec-4] c.z.f.c.a.ExceptionAdvice [ExceptionAdvice.java:33] org.apache.coyote.http11.Http11Processor.service(Http11Processor.java:367)
2020-05-22 19:17:29,029 ERROR [http-nio-9999-exec-4] c.z.f.c.a.ExceptionAdvice [ExceptionAdvice.java:33] org.apache.coyote.AbstractProcessorLight.process(AbstractProcessorLight.java:65)
2020-05-22 19:17:29,029 ERROR [http-nio-9999-exec-4] c.z.f.c.a.ExceptionAdvice [ExceptionAdvice.java:33] org.apache.coyote.AbstractProtocol$ConnectionHandler.process(AbstractProtocol.java:860)
2020-05-22 19:17:29,029 ERROR [http-nio-9999-exec-4] c.z.f.c.a.ExceptionAdvice [ExceptionAdvice.java:33] org.apache.tomcat.util.net.NioEndpoint$SocketProcessor.doRun(NioEndpoint.java:1591)
2020-05-22 19:17:29,029 ERROR [http-nio-9999-exec-4] c.z.f.c.a.ExceptionAdvice [ExceptionAdvice.java:33] org.apache.tomcat.util.net.SocketProcessorBase.run(SocketProcessorBase.java:49)
2020-05-22 19:17:29,029 ERROR [http-nio-9999-exec-4] c.z.f.c.a.ExceptionAdvice [ExceptionAdvice.java:33] java.util.concurrent.ThreadPoolExecutor.runWorker(ThreadPoolExecutor.java:1142)
2020-05-22 19:17:29,030 ERROR [http-nio-9999-exec-4] c.z.f.c.a.ExceptionAdvice [ExceptionAdvice.java:33] java.util.concurrent.ThreadPoolExecutor$Worker.run(ThreadPoolExecutor.java:617)
2020-05-22 19:17:29,030 ERROR [http-nio-9999-exec-4] c.z.f.c.a.ExceptionAdvice [ExceptionAdvice.java:33] org.apache.tomcat.util.threads.TaskThread$WrappingRunnable.run(TaskThread.java:61)
2020-05-22 19:17:29,030 ERROR [http-nio-9999-exec-4] c.z.f.c.a.ExceptionAdvice [ExceptionAdvice.java:33] java.lang.Thread.run(Thread.java:748)
2020-05-22 20:05:53,245 ERROR [http-nio-9999-exec-3] c.z.f.c.a.ExceptionAdvice [ExceptionAdvice.java:29] 服务器出现异常 : null
2020-05-22 20:05:53,246 ERROR [http-nio-9999-exec-3] c.z.f.c.a.ExceptionAdvice [ExceptionAdvice.java:33] com.zhuan.friends.controller.LikeController.like(LikeController.java:55)
2020-05-22 20:05:53,246 ERROR [http-nio-9999-exec-3] c.z.f.c.a.ExceptionAdvice [ExceptionAdvice.java:33] sun.reflect.NativeMethodAccessorImpl.invoke0(Native Method)
2020-05-22 20:05:53,246 ERROR [http-nio-9999-exec-3] c.z.f.c.a.ExceptionAdvice [ExceptionAdvice.java:33] sun.reflect.NativeMethodAccessorImpl.invoke(NativeMethodAccessorImpl.java:62)
2020-05-22 20:05:53,246 ERROR [http-nio-9999-exec-3] c.z.f.c.a.ExceptionAdvice [ExceptionAdvice.java:33] sun.reflect.DelegatingMethodAccessorImpl.invoke(DelegatingMethodAccessorImpl.java:43)
2020-05-22 20:05:53,247 ERROR [http-nio-9999-exec-3] c.z.f.c.a.ExceptionAdvice [ExceptionAdvice.java:33] java.lang.reflect.Method.invoke(Method.java:498)
2020-05-22 20:05:53,247 ERROR [http-nio-9999-exec-3] c.z.f.c.a.ExceptionAdvice [ExceptionAdvice.java:33] org.springframework.web.method.support.InvocableHandlerMethod.doInvoke(InvocableHandlerMethod.java:190)
2020-05-22 20:05:53,247 ERROR [http-nio-9999-exec-3] c.z.f.c.a.ExceptionAdvice [ExceptionAdvice.java:33] org.springframework.web.method.support.InvocableHandlerMethod.invokeForRequest(InvocableHandlerMethod.java:138)
2020-05-22 20:05:53,247 ERROR [http-nio-9999-exec-3] c.z.f.c.a.ExceptionAdvice [ExceptionAdvice.java:33] org.springframework.web.servlet.mvc.method.annotation.ServletInvocableHandlerMethod.invokeAndHandle(ServletInvocableHandlerMethod.java:106)
2020-05-22 20:05:53,247 ERROR [http-nio-9999-exec-3] c.z.f.c.a.ExceptionAdvice [ExceptionAdvice.java:33] org.springframework.web.servlet.mvc.method.annotation.RequestMappingHandlerAdapter.invokeHandlerMethod(RequestMappingHandlerAdapter.java:888)
2020-05-22 20:05:53,247 ERROR [http-nio-9999-exec-3] c.z.f.c.a.ExceptionAdvice [ExceptionAdvice.java:33] org.springframework.web.servlet.mvc.method.annotation.RequestMappingHandlerAdapter.handleInternal(RequestMappingHandlerAdapter.java:793)
2020-05-22 20:05:53,247 ERROR [http-nio-9999-exec-3] c.z.f.c.a.ExceptionAdvice [ExceptionAdvice.java:33] org.springframework.web.servlet.mvc.method.AbstractHandlerMethodAdapter.handle(AbstractHandlerMethodAdapter.java:87)
2020-05-22 20:05:53,248 ERROR [http-nio-9999-exec-3] c.z.f.c.a.ExceptionAdvice [ExceptionAdvice.java:33] org.springframework.web.servlet.DispatcherServlet.doDispatch(DispatcherServlet.java:1040)
2020-05-22 20:05:53,248 ERROR [http-nio-9999-exec-3] c.z.f.c.a.ExceptionAdvice [ExceptionAdvice.java:33] org.springframework.web.servlet.DispatcherServlet.doService(DispatcherServlet.java:943)
2020-05-22 20:05:53,248 ERROR [http-nio-9999-exec-3] c.z.f.c.a.ExceptionAdvice [ExceptionAdvice.java:33] org.springframework.web.servlet.FrameworkServlet.processRequest(FrameworkServlet.java:1006)
2020-05-22 20:05:53,248 ERROR [http-nio-9999-exec-3] c.z.f.c.a.ExceptionAdvice [ExceptionAdvice.java:33] org.springframework.web.servlet.FrameworkServlet.doPost(FrameworkServlet.java:909)
2020-05-22 20:05:53,248 ERROR [http-nio-9999-exec-3] c.z.f.c.a.ExceptionAdvice [ExceptionAdvice.java:33] javax.servlet.http.HttpServlet.service(HttpServlet.java:660)
2020-05-22 20:05:53,249 ERROR [http-nio-9999-exec-3] c.z.f.c.a.ExceptionAdvice [ExceptionAdvice.java:33] org.springframework.web.servlet.FrameworkServlet.service(FrameworkServlet.java:883)
2020-05-22 20:05:53,249 ERROR [http-nio-9999-exec-3] c.z.f.c.a.ExceptionAdvice [ExceptionAdvice.java:33] javax.servlet.http.HttpServlet.service(HttpServlet.java:741)
2020-05-22 20:05:53,249 ERROR [http-nio-9999-exec-3] c.z.f.c.a.ExceptionAdvice [ExceptionAdvice.java:33] org.apache.catalina.core.ApplicationFilterChain.internalDoFilter(ApplicationFilterChain.java:231)
2020-05-22 20:05:53,249 ERROR [http-nio-9999-exec-3] c.z.f.c.a.ExceptionAdvice [ExceptionAdvice.java:33] org.apache.catalina.core.ApplicationFilterChain.doFilter(ApplicationFilterChain.java:166)
2020-05-22 20:05:53,249 ERROR [http-nio-9999-exec-3] c.z.f.c.a.ExceptionAdvice [ExceptionAdvice.java:33] org.apache.tomcat.websocket.server.WsFilter.doFilter(WsFilter.java:53)
2020-05-22 20:05:53,250 ERROR [http-nio-9999-exec-3] c.z.f.c.a.ExceptionAdvice [ExceptionAdvice.java:33] org.apache.catalina.core.ApplicationFilterChain.internalDoFilter(ApplicationFilterChain.java:193)
2020-05-22 20:05:53,250 ERROR [http-nio-9999-exec-3] c.z.f.c.a.ExceptionAdvice [ExceptionAdvice.java:33] org.apache.catalina.core.ApplicationFilterChain.doFilter(ApplicationFilterChain.java:166)
2020-05-22 20:05:53,250 ERROR [http-nio-9999-exec-3] c.z.f.c.a.ExceptionAdvice [ExceptionAdvice.java:33] org.springframework.web.filter.RequestContextFilter.doFilterInternal(RequestContextFilter.java:100)
2020-05-22 20:05:53,250 ERROR [http-nio-9999-exec-3] c.z.f.c.a.ExceptionAdvice [ExceptionAdvice.java:33] org.springframework.web.filter.OncePerRequestFilter.doFilter(OncePerRequestFilter.java:119)
2020-05-22 20:05:53,250 ERROR [http-nio-9999-exec-3] c.z.f.c.a.ExceptionAdvice [ExceptionAdvice.java:33] org.apache.catalina.core.ApplicationFilterChain.internalDoFilter(ApplicationFilterChain.java:193)
2020-05-22 20:05:53,250 ERROR [http-nio-9999-exec-3] c.z.f.c.a.ExceptionAdvice [ExceptionAdvice.java:33] org.apache.catalina.core.ApplicationFilterChain.doFilter(ApplicationFilterChain.java:166)
2020-05-22 20:05:53,251 ERROR [http-nio-9999-exec-3] c.z.f.c.a.ExceptionAdvice [ExceptionAdvice.java:33] org.springframework.web.filter.FormContentFilter.doFilterInternal(FormContentFilter.java:93)
2020-05-22 20:05:53,251 ERROR [http-nio-9999-exec-3] c.z.f.c.a.ExceptionAdvice [ExceptionAdvice.java:33] org.springframework.web.filter.OncePerRequestFilter.doFilter(OncePerRequestFilter.java:119)
2020-05-22 20:05:53,251 ERROR [http-nio-9999-exec-3] c.z.f.c.a.ExceptionAdvice [ExceptionAdvice.java:33] org.apache.catalina.core.ApplicationFilterChain.internalDoFilter(ApplicationFilterChain.java:193)
2020-05-22 20:05:53,251 ERROR [http-nio-9999-exec-3] c.z.f.c.a.ExceptionAdvice [ExceptionAdvice.java:33] org.apache.catalina.core.ApplicationFilterChain.doFilter(ApplicationFilterChain.java:166)
2020-05-22 20:05:53,251 ERROR [http-nio-9999-exec-3] c.z.f.c.a.ExceptionAdvice [ExceptionAdvice.java:33] org.springframework.web.filter.CharacterEncodingFilter.doFilterInternal(CharacterEncodingFilter.java:201)
2020-05-22 20:05:53,251 ERROR [http-nio-9999-exec-3] c.z.f.c.a.ExceptionAdvice [ExceptionAdvice.java:33] org.springframework.web.filter.OncePerRequestFilter.doFilter(OncePerRequestFilter.java:119)
2020-05-22 20:05:53,251 ERROR [http-nio-9999-exec-3] c.z.f.c.a.ExceptionAdvice [ExceptionAdvice.java:33] org.apache.catalina.core.ApplicationFilterChain.internalDoFilter(ApplicationFilterChain.java:193)
2020-05-22 20:05:53,252 ERROR [http-nio-9999-exec-3] c.z.f.c.a.ExceptionAdvice [ExceptionAdvice.java:33] org.apache.catalina.core.ApplicationFilterChain.doFilter(ApplicationFilterChain.java:166)
2020-05-22 20:05:53,252 ERROR [http-nio-9999-exec-3] c.z.f.c.a.ExceptionAdvice [ExceptionAdvice.java:33] org.apache.catalina.core.StandardWrapperValve.invoke(StandardWrapperValve.java:202)
2020-05-22 20:05:53,252 ERROR [http-nio-9999-exec-3] c.z.f.c.a.ExceptionAdvice [ExceptionAdvice.java:33] org.apache.catalina.core.StandardContextValve.invoke(StandardContextValve.java:96)
2020-05-22 20:05:53,252 ERROR [http-nio-9999-exec-3] c.z.f.c.a.ExceptionAdvice [ExceptionAdvice.java:33] org.apache.catalina.authenticator.AuthenticatorBase.invoke(AuthenticatorBase.java:526)
2020-05-22 20:05:53,252 ERROR [http-nio-9999-exec-3] c.z.f.c.a.ExceptionAdvice [ExceptionAdvice.java:33] org.apache.catalina.core.StandardHostValve.invoke(StandardHostValve.java:139)
2020-05-22 20:05:53,252 ERROR [http-nio-9999-exec-3] c.z.f.c.a.ExceptionAdvice [ExceptionAdvice.java:33] org.apache.catalina.valves.ErrorReportValve.invoke(ErrorReportValve.java:92)
2020-05-22 20:05:53,252 ERROR [http-nio-9999-exec-3] c.z.f.c.a.ExceptionAdvice [ExceptionAdvice.java:33] org.apache.catalina.core.StandardEngineValve.invoke(StandardEngineValve.java:74)
2020-05-22 20:05:53,252 ERROR [http-nio-9999-exec-3] c.z.f.c.a.ExceptionAdvice [ExceptionAdvice.java:33] org.apache.catalina.connector.CoyoteAdapter.service(CoyoteAdapter.java:343)
2020-05-22 20:05:53,252 ERROR [http-nio-9999-exec-3] c.z.f.c.a.ExceptionAdvice [ExceptionAdvice.java:33] org.apache.coyote.http11.Http11Processor.service(Http11Processor.java:367)
2020-05-22 20:05:53,253 ERROR [http-nio-9999-exec-3] c.z.f.c.a.ExceptionAdvice [ExceptionAdvice.java:33] org.apache.coyote.AbstractProcessorLight.process(AbstractProcessorLight.java:65)
2020-05-22 20:05:53,253 ERROR [http-nio-9999-exec-3] c.z.f.c.a.ExceptionAdvice [ExceptionAdvice.java:33] org.apache.coyote.AbstractProtocol$ConnectionHandler.process(AbstractProtocol.java:860)
2020-05-22 20:05:53,253 ERROR [http-nio-9999-exec-3] c.z.f.c.a.ExceptionAdvice [ExceptionAdvice.java:33] org.apache.tomcat.util.net.NioEndpoint$SocketProcessor.doRun(NioEndpoint.java:1591)
2020-05-22 20:05:53,253 ERROR [http-nio-9999-exec-3] c.z.f.c.a.ExceptionAdvice [ExceptionAdvice.java:33] org.apache.tomcat.util.net.SocketProcessorBase.run(SocketProcessorBase.java:49)
2020-05-22 20:05:53,253 ERROR [http-nio-9999-exec-3] c.z.f.c.a.ExceptionAdvice [ExceptionAdvice.java:33] java.util.concurrent.ThreadPoolExecutor.runWorker(ThreadPoolExecutor.java:1142)
2020-05-22 20:05:53,253 ERROR [http-nio-9999-exec-3] c.z.f.c.a.ExceptionAdvice [ExceptionAdvice.java:33] java.util.concurrent.ThreadPoolExecutor$Worker.run(ThreadPoolExecutor.java:617)
2020-05-22 20:05:53,253 ERROR [http-nio-9999-exec-3] c.z.f.c.a.ExceptionAdvice [ExceptionAdvice.java:33] org.apache.tomcat.util.threads.TaskThread$WrappingRunnable.run(TaskThread.java:61)
2020-05-22 20:05:53,253 ERROR [http-nio-9999-exec-3] c.z.f.c.a.ExceptionAdvice [ExceptionAdvice.java:33] java.lang.Thread.run(Thread.java:748)
2020-05-22 20:05:57,473 ERROR [http-nio-9999-exec-10] c.z.f.c.a.ExceptionAdvice [ExceptionAdvice.java:29] 服务器出现异常 : null
2020-05-22 20:05:57,473 ERROR [http-nio-9999-exec-10] c.z.f.c.a.ExceptionAdvice [ExceptionAdvice.java:33] com.zhuan.friends.controller.LikeController.like(LikeController.java:55)
2020-05-22 20:05:57,473 ERROR [http-nio-9999-exec-10] c.z.f.c.a.ExceptionAdvice [ExceptionAdvice.java:33] sun.reflect.NativeMethodAccessorImpl.invoke0(Native Method)
2020-05-22 20:05:57,473 ERROR [http-nio-9999-exec-10] c.z.f.c.a.ExceptionAdvice [ExceptionAdvice.java:33] sun.reflect.NativeMethodAccessorImpl.invoke(NativeMethodAccessorImpl.java:62)
2020-05-22 20:05:57,474 ERROR [http-nio-9999-exec-10] c.z.f.c.a.ExceptionAdvice [ExceptionAdvice.java:33] sun.reflect.DelegatingMethodAccessorImpl.invoke(DelegatingMethodAccessorImpl.java:43)
2020-05-22 20:05:57,474 ERROR [http-nio-9999-exec-10] c.z.f.c.a.ExceptionAdvice [ExceptionAdvice.java:33] java.lang.reflect.Method.invoke(Method.java:498)
2020-05-22 20:05:57,474 ERROR [http-nio-9999-exec-10] c.z.f.c.a.ExceptionAdvice [ExceptionAdvice.java:33] org.springframework.web.method.support.InvocableHandlerMethod.doInvoke(InvocableHandlerMethod.java:190)
2020-05-22 20:05:57,474 ERROR [http-nio-9999-exec-10] c.z.f.c.a.ExceptionAdvice [ExceptionAdvice.java:33] org.springframework.web.method.support.InvocableHandlerMethod.invokeForRequest(InvocableHandlerMethod.java:138)
2020-05-22 20:05:57,474 ERROR [http-nio-9999-exec-10] c.z.f.c.a.ExceptionAdvice [ExceptionAdvice.java:33] org.springframework.web.servlet.mvc.method.annotation.ServletInvocableHandlerMethod.invokeAndHandle(ServletInvocableHandlerMethod.java:106)
2020-05-22 20:05:57,474 ERROR [http-nio-9999-exec-10] c.z.f.c.a.ExceptionAdvice [ExceptionAdvice.java:33] org.springframework.web.servlet.mvc.method.annotation.RequestMappingHandlerAdapter.invokeHandlerMethod(RequestMappingHandlerAdapter.java:888)
2020-05-22 20:05:57,474 ERROR [http-nio-9999-exec-10] c.z.f.c.a.ExceptionAdvice [ExceptionAdvice.java:33] org.springframework.web.servlet.mvc.method.annotation.RequestMappingHandlerAdapter.handleInternal(RequestMappingHandlerAdapter.java:793)
2020-05-22 20:05:57,474 ERROR [http-nio-9999-exec-10] c.z.f.c.a.ExceptionAdvice [ExceptionAdvice.java:33] org.springframework.web.servlet.mvc.method.AbstractHandlerMethodAdapter.handle(AbstractHandlerMethodAdapter.java:87)
2020-05-22 20:05:57,475 ERROR [http-nio-9999-exec-10] c.z.f.c.a.ExceptionAdvice [ExceptionAdvice.java:33] org.springframework.web.servlet.DispatcherServlet.doDispatch(DispatcherServlet.java:1040)
2020-05-22 20:05:57,475 ERROR [http-nio-9999-exec-10] c.z.f.c.a.ExceptionAdvice [ExceptionAdvice.java:33] org.springframework.web.servlet.DispatcherServlet.doService(DispatcherServlet.java:943)
2020-05-22 20:05:57,475 ERROR [http-nio-9999-exec-10] c.z.f.c.a.ExceptionAdvice [ExceptionAdvice.java:33] org.springframework.web.servlet.FrameworkServlet.processRequest(FrameworkServlet.java:1006)
2020-05-22 20:05:57,475 ERROR [http-nio-9999-exec-10] c.z.f.c.a.ExceptionAdvice [ExceptionAdvice.java:33] org.springframework.web.servlet.FrameworkServlet.doPost(FrameworkServlet.java:909)
2020-05-22 20:05:57,475 ERROR [http-nio-9999-exec-10] c.z.f.c.a.ExceptionAdvice [ExceptionAdvice.java:33] javax.servlet.http.HttpServlet.service(HttpServlet.java:660)
2020-05-22 20:05:57,475 ERROR [http-nio-9999-exec-10] c.z.f.c.a.ExceptionAdvice [ExceptionAdvice.java:33] org.springframework.web.servlet.FrameworkServlet.service(FrameworkServlet.java:883)
2020-05-22 20:05:57,475 ERROR [http-nio-9999-exec-10] c.z.f.c.a.ExceptionAdvice [ExceptionAdvice.java:33] javax.servlet.http.HttpServlet.service(HttpServlet.java:741)
2020-05-22 20:05:57,475 ERROR [http-nio-9999-exec-10] c.z.f.c.a.ExceptionAdvice [ExceptionAdvice.java:33] org.apache.catalina.core.ApplicationFilterChain.internalDoFilter(ApplicationFilterChain.java:231)
2020-05-22 20:05:57,476 ERROR [http-nio-9999-exec-10] c.z.f.c.a.ExceptionAdvice [ExceptionAdvice.java:33] org.apache.catalina.core.ApplicationFilterChain.doFilter(ApplicationFilterChain.java:166)
2020-05-22 20:05:57,476 ERROR [http-nio-9999-exec-10] c.z.f.c.a.ExceptionAdvice [ExceptionAdvice.java:33] org.apache.tomcat.websocket.server.WsFilter.doFilter(WsFilter.java:53)
2020-05-22 20:05:57,476 ERROR [http-nio-9999-exec-10] c.z.f.c.a.ExceptionAdvice [ExceptionAdvice.java:33] org.apache.catalina.core.ApplicationFilterChain.internalDoFilter(ApplicationFilterChain.java:193)
2020-05-22 20:05:57,476 ERROR [http-nio-9999-exec-10] c.z.f.c.a.ExceptionAdvice [ExceptionAdvice.java:33] org.apache.catalina.core.ApplicationFilterChain.doFilter(ApplicationFilterChain.java:166)
2020-05-22 20:05:57,476 ERROR [http-nio-9999-exec-10] c.z.f.c.a.ExceptionAdvice [ExceptionAdvice.java:33] org.springframework.web.filter.RequestContextFilter.doFilterInternal(RequestContextFilter.java:100)
2020-05-22 20:05:57,476 ERROR [http-nio-9999-exec-10] c.z.f.c.a.ExceptionAdvice [ExceptionAdvice.java:33] org.springframework.web.filter.OncePerRequestFilter.doFilter(OncePerRequestFilter.java:119)
2020-05-22 20:05:57,476 ERROR [http-nio-9999-exec-10] c.z.f.c.a.ExceptionAdvice [ExceptionAdvice.java:33] org.apache.catalina.core.ApplicationFilterChain.internalDoFilter(ApplicationFilterChain.java:193)
2020-05-22 20:05:57,476 ERROR [http-nio-9999-exec-10] c.z.f.c.a.ExceptionAdvice [ExceptionAdvice.java:33] org.apache.catalina.core.ApplicationFilterChain.doFilter(ApplicationFilterChain.java:166)
2020-05-22 20:05:57,476 ERROR [http-nio-9999-exec-10] c.z.f.c.a.ExceptionAdvice [ExceptionAdvice.java:33] org.springframework.web.filter.FormContentFilter.doFilterInternal(FormContentFilter.java:93)
2020-05-22 20:05:57,476 ERROR [http-nio-9999-exec-10] c.z.f.c.a.ExceptionAdvice [ExceptionAdvice.java:33] org.springframework.web.filter.OncePerRequestFilter.doFilter(OncePerRequestFilter.java:119)
2020-05-22 20:05:57,477 ERROR [http-nio-9999-exec-10] c.z.f.c.a.ExceptionAdvice [ExceptionAdvice.java:33] org.apache.catalina.core.ApplicationFilterChain.internalDoFilter(ApplicationFilterChain.java:193)
2020-05-22 20:05:57,477 ERROR [http-nio-9999-exec-10] c.z.f.c.a.ExceptionAdvice [ExceptionAdvice.java:33] org.apache.catalina.core.ApplicationFilterChain.doFilter(ApplicationFilterChain.java:166)
2020-05-22 20:05:57,477 ERROR [http-nio-9999-exec-10] c.z.f.c.a.ExceptionAdvice [ExceptionAdvice.java:33] org.springframework.web.filter.CharacterEncodingFilter.doFilterInternal(CharacterEncodingFilter.java:201)
2020-05-22 20:05:57,477 ERROR [http-nio-9999-exec-10] c.z.f.c.a.ExceptionAdvice [ExceptionAdvice.java:33] org.springframework.web.filter.OncePerRequestFilter.doFilter(OncePerRequestFilter.java:119)
2020-05-22 20:05:57,477 ERROR [http-nio-9999-exec-10] c.z.f.c.a.ExceptionAdvice [ExceptionAdvice.java:33] org.apache.catalina.core.ApplicationFilterChain.internalDoFilter(ApplicationFilterChain.java:193)
2020-05-22 20:05:57,477 ERROR [http-nio-9999-exec-10] c.z.f.c.a.ExceptionAdvice [ExceptionAdvice.java:33] org.apache.catalina.core.ApplicationFilterChain.doFilter(ApplicationFilterChain.java:166)
2020-05-22 20:05:57,477 ERROR [http-nio-9999-exec-10] c.z.f.c.a.ExceptionAdvice [ExceptionAdvice.java:33] org.apache.catalina.core.StandardWrapperValve.invoke(StandardWrapperValve.java:202)
2020-05-22 20:05:57,477 ERROR [http-nio-9999-exec-10] c.z.f.c.a.ExceptionAdvice [ExceptionAdvice.java:33] org.apache.catalina.core.StandardContextValve.invoke(StandardContextValve.java:96)
2020-05-22 20:05:57,477 ERROR [http-nio-9999-exec-10] c.z.f.c.a.ExceptionAdvice [ExceptionAdvice.java:33] org.apache.catalina.authenticator.AuthenticatorBase.invoke(AuthenticatorBase.java:526)
2020-05-22 20:05:57,477 ERROR [http-nio-9999-exec-10] c.z.f.c.a.ExceptionAdvice [ExceptionAdvice.java:33] org.apache.catalina.core.StandardHostValve.invoke(StandardHostValve.java:139)
2020-05-22 20:05:57,478 ERROR [http-nio-9999-exec-10] c.z.f.c.a.ExceptionAdvice [ExceptionAdvice.java:33] org.apache.catalina.valves.ErrorReportValve.invoke(ErrorReportValve.java:92)
2020-05-22 20:05:57,478 ERROR [http-nio-9999-exec-10] c.z.f.c.a.ExceptionAdvice [ExceptionAdvice.java:33] org.apache.catalina.core.StandardEngineValve.invoke(StandardEngineValve.java:74)
2020-05-22 20:05:57,478 ERROR [http-nio-9999-exec-10] c.z.f.c.a.ExceptionAdvice [ExceptionAdvice.java:33] org.apache.catalina.connector.CoyoteAdapter.service(CoyoteAdapter.java:343)
2020-05-22 20:05:57,478 ERROR [http-nio-9999-exec-10] c.z.f.c.a.ExceptionAdvice [ExceptionAdvice.java:33] org.apache.coyote.http11.Http11Processor.service(Http11Processor.java:367)
2020-05-22 20:05:57,479 ERROR [http-nio-9999-exec-10] c.z.f.c.a.ExceptionAdvice [ExceptionAdvice.java:33] org.apache.coyote.AbstractProcessorLight.process(AbstractProcessorLight.java:65)
2020-05-22 20:05:57,479 ERROR [http-nio-9999-exec-10] c.z.f.c.a.ExceptionAdvice [ExceptionAdvice.java:33] org.apache.coyote.AbstractProtocol$ConnectionHandler.process(AbstractProtocol.java:860)
2020-05-22 20:05:57,479 ERROR [http-nio-9999-exec-10] c.z.f.c.a.ExceptionAdvice [ExceptionAdvice.java:33] org.apache.tomcat.util.net.NioEndpoint$SocketProcessor.doRun(NioEndpoint.java:1591)
2020-05-22 20:05:57,479 ERROR [http-nio-9999-exec-10] c.z.f.c.a.ExceptionAdvice [ExceptionAdvice.java:33] org.apache.tomcat.util.net.SocketProcessorBase.run(SocketProcessorBase.java:49)
2020-05-22 20:05:57,479 ERROR [http-nio-9999-exec-10] c.z.f.c.a.ExceptionAdvice [ExceptionAdvice.java:33] java.util.concurrent.ThreadPoolExecutor.runWorker(ThreadPoolExecutor.java:1142)
2020-05-22 20:05:57,479 ERROR [http-nio-9999-exec-10] c.z.f.c.a.ExceptionAdvice [ExceptionAdvice.java:33] java.util.concurrent.ThreadPoolExecutor$Worker.run(ThreadPoolExecutor.java:617)
2020-05-22 20:05:57,479 ERROR [http-nio-9999-exec-10] c.z.f.c.a.ExceptionAdvice [ExceptionAdvice.java:33] org.apache.tomcat.util.threads.TaskThread$WrappingRunnable.run(TaskThread.java:61)
2020-05-22 20:05:57,479 ERROR [http-nio-9999-exec-10] c.z.f.c.a.ExceptionAdvice [ExceptionAdvice.java:33] java.lang.Thread.run(Thread.java:748)
2020-05-22 20:06:01,753 ERROR [http-nio-9999-exec-5] c.z.f.c.a.ExceptionAdvice [ExceptionAdvice.java:29] 服务器出现异常 : null
2020-05-22 20:06:01,754 ERROR [http-nio-9999-exec-5] c.z.f.c.a.ExceptionAdvice [ExceptionAdvice.java:33] com.zhuan.friends.controller.LikeController.like(LikeController.java:55)
2020-05-22 20:06:01,754 ERROR [http-nio-9999-exec-5] c.z.f.c.a.ExceptionAdvice [ExceptionAdvice.java:33] sun.reflect.NativeMethodAccessorImpl.invoke0(Native Method)
2020-05-22 20:06:01,754 ERROR [http-nio-9999-exec-5] c.z.f.c.a.ExceptionAdvice [ExceptionAdvice.java:33] sun.reflect.NativeMethodAccessorImpl.invoke(NativeMethodAccessorImpl.java:62)
2020-05-22 20:06:01,754 ERROR [http-nio-9999-exec-5] c.z.f.c.a.ExceptionAdvice [ExceptionAdvice.java:33] sun.reflect.DelegatingMethodAccessorImpl.invoke(DelegatingMethodAccessorImpl.java:43)
2020-05-22 20:06:01,754 ERROR [http-nio-9999-exec-5] c.z.f.c.a.ExceptionAdvice [ExceptionAdvice.java:33] java.lang.reflect.Method.invoke(Method.java:498)
2020-05-22 20:06:01,754 ERROR [http-nio-9999-exec-5] c.z.f.c.a.ExceptionAdvice [ExceptionAdvice.java:33] org.springframework.web.method.support.InvocableHandlerMethod.doInvoke(InvocableHandlerMethod.java:190)
2020-05-22 20:06:01,754 ERROR [http-nio-9999-exec-5] c.z.f.c.a.ExceptionAdvice [ExceptionAdvice.java:33] org.springframework.web.method.support.InvocableHandlerMethod.invokeForRequest(InvocableHandlerMethod.java:138)
2020-05-22 20:06:01,754 ERROR [http-nio-9999-exec-5] c.z.f.c.a.ExceptionAdvice [ExceptionAdvice.java:33] org.springframework.web.servlet.mvc.method.annotation.ServletInvocableHandlerMethod.invokeAndHandle(ServletInvocableHandlerMethod.java:106)
2020-05-22 20:06:01,754 ERROR [http-nio-9999-exec-5] c.z.f.c.a.ExceptionAdvice [ExceptionAdvice.java:33] org.springframework.web.servlet.mvc.method.annotation.RequestMappingHandlerAdapter.invokeHandlerMethod(RequestMappingHandlerAdapter.java:888)
2020-05-22 20:06:01,755 ERROR [http-nio-9999-exec-5] c.z.f.c.a.ExceptionAdvice [ExceptionAdvice.java:33] org.springframework.web.servlet.mvc.method.annotation.RequestMappingHandlerAdapter.handleInternal(RequestMappingHandlerAdapter.java:793)
2020-05-22 20:06:01,755 ERROR [http-nio-9999-exec-5] c.z.f.c.a.ExceptionAdvice [ExceptionAdvice.java:33] org.springframework.web.servlet.mvc.method.AbstractHandlerMethodAdapter.handle(AbstractHandlerMethodAdapter.java:87)
2020-05-22 20:06:01,755 ERROR [http-nio-9999-exec-5] c.z.f.c.a.ExceptionAdvice [ExceptionAdvice.java:33] org.springframework.web.servlet.DispatcherServlet.doDispatch(DispatcherServlet.java:1040)
2020-05-22 20:06:01,755 ERROR [http-nio-9999-exec-5] c.z.f.c.a.ExceptionAdvice [ExceptionAdvice.java:33] org.springframework.web.servlet.DispatcherServlet.doService(DispatcherServlet.java:943)
2020-05-22 20:06:01,755 ERROR [http-nio-9999-exec-5] c.z.f.c.a.ExceptionAdvice [ExceptionAdvice.java:33] org.springframework.web.servlet.FrameworkServlet.processRequest(FrameworkServlet.java:1006)
2020-05-22 20:06:01,755 ERROR [http-nio-9999-exec-5] c.z.f.c.a.ExceptionAdvice [ExceptionAdvice.java:33] org.springframework.web.servlet.FrameworkServlet.doPost(FrameworkServlet.java:909)
2020-05-22 20:06:01,755 ERROR [http-nio-9999-exec-5] c.z.f.c.a.ExceptionAdvice [ExceptionAdvice.java:33] javax.servlet.http.HttpServlet.service(HttpServlet.java:660)
2020-05-22 20:06:01,755 ERROR [http-nio-9999-exec-5] c.z.f.c.a.ExceptionAdvice [ExceptionAdvice.java:33] org.springframework.web.servlet.FrameworkServlet.service(FrameworkServlet.java:883)
2020-05-22 20:06:01,755 ERROR [http-nio-9999-exec-5] c.z.f.c.a.ExceptionAdvice [ExceptionAdvice.java:33] javax.servlet.http.HttpServlet.service(HttpServlet.java:741)
2020-05-22 20:06:01,756 ERROR [http-nio-9999-exec-5] c.z.f.c.a.ExceptionAdvice [ExceptionAdvice.java:33] org.apache.catalina.core.ApplicationFilterChain.internalDoFilter(ApplicationFilterChain.java:231)
2020-05-22 20:06:01,756 ERROR [http-nio-9999-exec-5] c.z.f.c.a.ExceptionAdvice [ExceptionAdvice.java:33] org.apache.catalina.core.ApplicationFilterChain.doFilter(ApplicationFilterChain.java:166)
2020-05-22 20:06:01,756 ERROR [http-nio-9999-exec-5] c.z.f.c.a.ExceptionAdvice [ExceptionAdvice.java:33] org.apache.tomcat.websocket.server.WsFilter.doFilter(WsFilter.java:53)
2020-05-22 20:06:01,756 ERROR [http-nio-9999-exec-5] c.z.f.c.a.ExceptionAdvice [ExceptionAdvice.java:33] org.apache.catalina.core.ApplicationFilterChain.internalDoFilter(ApplicationFilterChain.java:193)
2020-05-22 20:06:01,756 ERROR [http-nio-9999-exec-5] c.z.f.c.a.ExceptionAdvice [ExceptionAdvice.java:33] org.apache.catalina.core.ApplicationFilterChain.doFilter(ApplicationFilterChain.java:166)
2020-05-22 20:06:01,757 ERROR [http-nio-9999-exec-5] c.z.f.c.a.ExceptionAdvice [ExceptionAdvice.java:33] org.springframework.web.filter.RequestContextFilter.doFilterInternal(RequestContextFilter.java:100)
2020-05-22 20:06:01,757 ERROR [http-nio-9999-exec-5] c.z.f.c.a.ExceptionAdvice [ExceptionAdvice.java:33] org.springframework.web.filter.OncePerRequestFilter.doFilter(OncePerRequestFilter.java:119)
2020-05-22 20:06:01,757 ERROR [http-nio-9999-exec-5] c.z.f.c.a.ExceptionAdvice [ExceptionAdvice.java:33] org.apache.catalina.core.ApplicationFilterChain.internalDoFilter(ApplicationFilterChain.java:193)
2020-05-22 20:06:01,757 ERROR [http-nio-9999-exec-5] c.z.f.c.a.ExceptionAdvice [ExceptionAdvice.java:33] org.apache.catalina.core.ApplicationFilterChain.doFilter(ApplicationFilterChain.java:166)
2020-05-22 20:06:01,757 ERROR [http-nio-9999-exec-5] c.z.f.c.a.ExceptionAdvice [ExceptionAdvice.java:33] org.springframework.web.filter.FormContentFilter.doFilterInternal(FormContentFilter.java:93)
2020-05-22 20:06:01,757 ERROR [http-nio-9999-exec-5] c.z.f.c.a.ExceptionAdvice [ExceptionAdvice.java:33] org.springframework.web.filter.OncePerRequestFilter.doFilter(OncePerRequestFilter.java:119)
2020-05-22 20:06:01,757 ERROR [http-nio-9999-exec-5] c.z.f.c.a.ExceptionAdvice [ExceptionAdvice.java:33] org.apache.catalina.core.ApplicationFilterChain.internalDoFilter(ApplicationFilterChain.java:193)
2020-05-22 20:06:01,757 ERROR [http-nio-9999-exec-5] c.z.f.c.a.ExceptionAdvice [ExceptionAdvice.java:33] org.apache.catalina.core.ApplicationFilterChain.doFilter(ApplicationFilterChain.java:166)
2020-05-22 20:06:01,757 ERROR [http-nio-9999-exec-5] c.z.f.c.a.ExceptionAdvice [ExceptionAdvice.java:33] org.springframework.web.filter.CharacterEncodingFilter.doFilterInternal(CharacterEncodingFilter.java:201)
2020-05-22 20:06:01,757 ERROR [http-nio-9999-exec-5] c.z.f.c.a.ExceptionAdvice [ExceptionAdvice.java:33] org.springframework.web.filter.OncePerRequestFilter.doFilter(OncePerRequestFilter.java:119)
2020-05-22 20:06:01,758 ERROR [http-nio-9999-exec-5] c.z.f.c.a.ExceptionAdvice [ExceptionAdvice.java:33] org.apache.catalina.core.ApplicationFilterChain.internalDoFilter(ApplicationFilterChain.java:193)
2020-05-22 20:06:01,758 ERROR [http-nio-9999-exec-5] c.z.f.c.a.ExceptionAdvice [ExceptionAdvice.java:33] org.apache.catalina.core.ApplicationFilterChain.doFilter(ApplicationFilterChain.java:166)
2020-05-22 20:06:01,758 ERROR [http-nio-9999-exec-5] c.z.f.c.a.ExceptionAdvice [ExceptionAdvice.java:33] org.apache.catalina.core.StandardWrapperValve.invoke(StandardWrapperValve.java:202)
2020-05-22 20:06:01,758 ERROR [http-nio-9999-exec-5] c.z.f.c.a.ExceptionAdvice [ExceptionAdvice.java:33] org.apache.catalina.core.StandardContextValve.invoke(StandardContextValve.java:96)
2020-05-22 20:06:01,758 ERROR [http-nio-9999-exec-5] c.z.f.c.a.ExceptionAdvice [ExceptionAdvice.java:33] org.apache.catalina.authenticator.AuthenticatorBase.invoke(AuthenticatorBase.java:526)
2020-05-22 20:06:01,758 ERROR [http-nio-9999-exec-5] c.z.f.c.a.ExceptionAdvice [ExceptionAdvice.java:33] org.apache.catalina.core.StandardHostValve.invoke(StandardHostValve.java:139)
2020-05-22 20:06:01,758 ERROR [http-nio-9999-exec-5] c.z.f.c.a.ExceptionAdvice [ExceptionAdvice.java:33] org.apache.catalina.valves.ErrorReportValve.invoke(ErrorReportValve.java:92)
2020-05-22 20:06:01,758 ERROR [http-nio-9999-exec-5] c.z.f.c.a.ExceptionAdvice [ExceptionAdvice.java:33] org.apache.catalina.core.StandardEngineValve.invoke(StandardEngineValve.java:74)
2020-05-22 20:06:01,758 ERROR [http-nio-9999-exec-5] c.z.f.c.a.ExceptionAdvice [ExceptionAdvice.java:33] org.apache.catalina.connector.CoyoteAdapter.service(CoyoteAdapter.java:343)
2020-05-22 20:06:01,758 ERROR [http-nio-9999-exec-5] c.z.f.c.a.ExceptionAdvice [ExceptionAdvice.java:33] org.apache.coyote.http11.Http11Processor.service(Http11Processor.java:367)
2020-05-22 20:06:01,758 ERROR [http-nio-9999-exec-5] c.z.f.c.a.ExceptionAdvice [ExceptionAdvice.java:33] org.apache.coyote.AbstractProcessorLight.process(AbstractProcessorLight.java:65)
2020-05-22 20:06:01,759 ERROR [http-nio-9999-exec-5] c.z.f.c.a.ExceptionAdvice [ExceptionAdvice.java:33] org.apache.coyote.AbstractProtocol$ConnectionHandler.process(AbstractProtocol.java:860)
2020-05-22 20:06:01,759 ERROR [http-nio-9999-exec-5] c.z.f.c.a.ExceptionAdvice [ExceptionAdvice.java:33] org.apache.tomcat.util.net.NioEndpoint$SocketProcessor.doRun(NioEndpoint.java:1591)
2020-05-22 20:06:01,759 ERROR [http-nio-9999-exec-5] c.z.f.c.a.ExceptionAdvice [ExceptionAdvice.java:33] org.apache.tomcat.util.net.SocketProcessorBase.run(SocketProcessorBase.java:49)
2020-05-22 20:06:01,759 ERROR [http-nio-9999-exec-5] c.z.f.c.a.ExceptionAdvice [ExceptionAdvice.java:33] java.util.concurrent.ThreadPoolExecutor.runWorker(ThreadPoolExecutor.java:1142)
2020-05-22 20:06:01,759 ERROR [http-nio-9999-exec-5] c.z.f.c.a.ExceptionAdvice [ExceptionAdvice.java:33] java.util.concurrent.ThreadPoolExecutor$Worker.run(ThreadPoolExecutor.java:617)
2020-05-22 20:06:01,759 ERROR [http-nio-9999-exec-5] c.z.f.c.a.ExceptionAdvice [ExceptionAdvice.java:33] org.apache.tomcat.util.threads.TaskThread$WrappingRunnable.run(TaskThread.java:61)
2020-05-22 20:06:01,759 ERROR [http-nio-9999-exec-5] c.z.f.c.a.ExceptionAdvice [ExceptionAdvice.java:33] java.lang.Thread.run(Thread.java:748)
