2020-03-02 00:00:04,329 WARN [restartedMain] o.a.t.u.m.Registry [DirectJDKLog.java:173] The MBean registry cannot be disabled because it has already been initialised
2020-03-02 00:00:16,257 WARN [restartedMain] o.a.t.u.m.Registry [DirectJDKLog.java:173] The MBean registry cannot be disabled because it has already been initialised
2020-03-02 00:00:32,557 WARN [restartedMain] o.s.b.SpringApplication [SpringApplication.java:808] Unable to close ApplicationContext
org.springframework.beans.factory.CannotLoadBeanClassException: Cannot find class [com.zhuan.friends.controller.MessageController] for bean with name 'messageController' defined in file [D:\ideaprojects\friends\target\classes\com\zhuan\friends\controller\MessageController.class]; nested exception is java.lang.ClassNotFoundException: com.zhuan.friends.controller.MessageController
	at org.springframework.beans.factory.support.AbstractBeanFactory.resolveBeanClass(AbstractBeanFactory.java:1476)
	at org.springframework.beans.factory.support.AbstractAutowireCapableBeanFactory.determineTargetType(AbstractAutowireCapableBeanFactory.java:682)
	at org.springframework.beans.factory.support.AbstractAutowireCapableBeanFactory.predictBeanType(AbstractAutowireCapableBeanFactory.java:649)
	at org.springframework.beans.factory.support.AbstractBeanFactory.isFactoryBean(AbstractBeanFactory.java:1604)
	at org.springframework.beans.factory.support.DefaultListableBeanFactory.doGetBeanNamesForType(DefaultListableBeanFactory.java:520)
	at org.springframework.beans.factory.support.DefaultListableBeanFactory.getBeanNamesForType(DefaultListableBeanFactory.java:491)
	at org.springframework.beans.factory.support.DefaultListableBeanFactory.getBeansOfType(DefaultListableBeanFactory.java:613)
	at org.springframework.beans.factory.support.DefaultListableBeanFactory.getBeansOfType(DefaultListableBeanFactory.java:605)
	at org.springframework.context.support.AbstractApplicationContext.getBeansOfType(AbstractApplicationContext.java:1242)
	at org.springframework.boot.SpringApplication.getExitCodeFromMappedException(SpringApplication.java:869)
	at org.springframework.boot.SpringApplication.getExitCodeFromException(SpringApplication.java:857)
	at org.springframework.boot.SpringApplication.handleExitCode(SpringApplication.java:844)
	at org.springframework.boot.SpringApplication.handleRunFailure(SpringApplication.java:795)
	at org.springframework.boot.SpringApplication.run(SpringApplication.java:325)
	at org.springframework.boot.SpringApplication.run(SpringApplication.java:1226)
	at org.springframework.boot.SpringApplication.run(SpringApplication.java:1215)
	at com.zhuan.friends.FriendsApplication.main(FriendsApplication.java:10)
	at java.base/jdk.internal.reflect.NativeMethodAccessorImpl.invoke0(Native Method)
	at java.base/jdk.internal.reflect.NativeMethodAccessorImpl.invoke(NativeMethodAccessorImpl.java:62)
	at java.base/jdk.internal.reflect.DelegatingMethodAccessorImpl.invoke(DelegatingMethodAccessorImpl.java:43)
	at java.base/java.lang.reflect.Method.invoke(Method.java:564)
	at org.springframework.boot.devtools.restart.RestartLauncher.run(RestartLauncher.java:49)
Caused by: java.lang.ClassNotFoundException: com.zhuan.friends.controller.MessageController
	at java.base/jdk.internal.loader.BuiltinClassLoader.loadClass(BuiltinClassLoader.java:582)
	at java.base/jdk.internal.loader.ClassLoaders$AppClassLoader.loadClass(ClassLoaders.java:185)
	at java.base/java.lang.ClassLoader.loadClass(ClassLoader.java:496)
	at org.springframework.boot.devtools.restart.classloader.RestartClassLoader.loadClass(RestartClassLoader.java:144)
	at java.base/java.lang.ClassLoader.loadClass(ClassLoader.java:496)
	at java.base/java.lang.Class.forName0(Native Method)
	at java.base/java.lang.Class.forName(Class.java:375)
	at org.springframework.util.ClassUtils.forName(ClassUtils.java:277)
	at org.springframework.beans.factory.support.AbstractBeanDefinition.resolveBeanClass(AbstractBeanDefinition.java:456)
	at org.springframework.beans.factory.support.AbstractBeanFactory.doResolveBeanClass(AbstractBeanFactory.java:1541)
	at org.springframework.beans.factory.support.AbstractBeanFactory.resolveBeanClass(AbstractBeanFactory.java:1468)
	... 21 common frames omitted
2020-03-02 00:00:37,745 WARN [restartedMain] o.a.t.u.m.Registry [DirectJDKLog.java:173] The MBean registry cannot be disabled because it has already been initialised
2020-03-02 00:07:05,799 WARN [restartedMain] o.a.t.u.m.Registry [DirectJDKLog.java:173] The MBean registry cannot be disabled because it has already been initialised
2020-03-02 00:07:15,047 WARN [restartedMain] o.a.t.u.m.Registry [DirectJDKLog.java:173] The MBean registry cannot be disabled because it has already been initialised
2020-03-02 00:07:37,106 WARN [restartedMain] o.a.t.u.m.Registry [DirectJDKLog.java:173] The MBean registry cannot be disabled because it has already been initialised
2020-03-02 00:07:43,180 WARN [restartedMain] o.a.t.u.m.Registry [DirectJDKLog.java:173] The MBean registry cannot be disabled because it has already been initialised
2020-03-02 00:25:13,079 WARN [restartedMain] o.a.t.u.m.Registry [DirectJDKLog.java:173] The MBean registry cannot be disabled because it has already been initialised
2020-03-02 00:25:35,926 WARN [restartedMain] o.a.t.u.m.Registry [DirectJDKLog.java:173] The MBean registry cannot be disabled because it has already been initialised
2020-03-02 00:25:43,579 WARN [restartedMain] o.a.t.u.m.Registry [DirectJDKLog.java:173] The MBean registry cannot be disabled because it has already been initialised
2020-03-02 00:26:26,682 WARN [restartedMain] o.a.t.u.m.Registry [DirectJDKLog.java:173] The MBean registry cannot be disabled because it has already been initialised
2020-03-02 00:26:35,504 WARN [restartedMain] o.a.t.u.m.Registry [DirectJDKLog.java:173] The MBean registry cannot be disabled because it has already been initialised
2020-03-02 00:31:47,850 WARN [restartedMain] o.a.t.u.m.Registry [DirectJDKLog.java:173] The MBean registry cannot be disabled because it has already been initialised
2020-03-02 00:34:55,136 WARN [restartedMain] o.a.t.u.m.Registry [DirectJDKLog.java:173] The MBean registry cannot be disabled because it has already been initialised
2020-03-02 00:35:00,196 WARN [restartedMain] o.a.t.u.m.Registry [DirectJDKLog.java:173] The MBean registry cannot be disabled because it has already been initialised
2020-03-02 00:35:08,183 WARN [restartedMain] o.a.t.u.m.Registry [DirectJDKLog.java:173] The MBean registry cannot be disabled because it has already been initialised
2020-03-02 22:35:15,096 WARN [restartedMain] o.a.t.u.m.Registry [DirectJDKLog.java:173] The MBean registry cannot be disabled because it has already been initialised
2020-03-02 22:35:19,464 WARN [restartedMain] o.a.t.u.m.Registry [DirectJDKLog.java:173] The MBean registry cannot be disabled because it has already been initialised
